<?xml version="1.0" encoding="utf-8"?>
<TestRun id="2f9b4626-c673-4754-99ee-93055074b8c7" name="@localhost 2026-09-21 20:30:47" xmlns="http://microsoft.com/schemas/VisualStudio/TeamTest/2010">
  <Times creation="2026-09-21T20:30:47.3445880+03:00" queuing="2026-09-21T20:30:47.3445880+03:00" start="2026-09-21T20:30:46.7692800+03:00" finish="2026-09-21T20:30:50.0956795+03:00" />
  <TestSettings name="default" id="448471c0-1757-4564-925b-2b251bbe9504">
    <Deployment runDeploymentRoot="_localhost_2026-09-21_20_30_47" />
  </TestSettings>
  <Results>
    <UnitTestResult executionId="35ca3bae-f7f5-4df9-85cb-f1609f534198" testId="3a4afb2b-0454-4db5-74b6-ee8efab2030c" testName="MutableAggregateRoot_HasRowVersionConcurrencyToken(OAS.Domain.Accounting.Entities.PaymentVoucher)" computerName="localhost" duration="00:00:00.0002870" startTime="2026-09-21T20:30:48.1796340+03:00" endTime="2026-09-21T20:30:48.1799205+03:00" testType="13cdc9d9-ddb5-4fa4-a97d-d965ccfc6d4b" outcome="Passed" testListId="8c84fa94-04c1-424b-9868-57a2d4851a1d" relativeResultsDirectory="35ca3bae-f7f5-4df9-85cb-f1609f534198" />
    <UnitTestResult executionId="8f72fee6-fd46-41bd-8424-12fe74386bc4" testId="f52ba14e-fe62-12d0-8378-301287418f82" testName="Close_ClosingShift_CalculatesDifferenceAndSetsClosed" computerName="localhost" duration="00:00:00.0006190" startTime="2026-09-21T20:30:47.3924357+03:00" endTime="2026-09-21T20:30:47.3930542+03:00" testType="13cdc9d9-ddb5-4fa4-a97d-d965ccfc6d4b" outcome="Passed" testListId="8c84fa94-04c1-424b-9868-57a2d4851a1d" relativeResultsDirectory="8f72fee6-fd46-41bd-8424-12fe74386bc4" />
    <UnitTestResult executionId="daec2297-9321-472c-9938-291c275930f6" testId="0b3e3575-c2f1-8027-8cdb-58eae94a5e3c" testName="GetReceiptVoucherByIdQueryHandler_ReturnsDtoWithLines" computerName="localhost" duration="00:00:00.0040600" startTime="2026-09-21T20:30:47.3755799+03:00" endTime="2026-09-21T20:30:47.3796395+03:00" testType="13cdc9d9-ddb5-4fa4-a97d-d965ccfc6d4b" outcome="Passed" testListId="8c84fa94-04c1-424b-9868-57a2d4851a1d" relativeResultsDirectory="daec2297-9321-472c-9938-291c275930f6" />
    <UnitTestResult executionId="f467bf51-32cc-4806-a93e-1a6e1b2116ca" testId="df6357a3-eac4-f4b7-5551-a0e13d634af3" testName="StartClosing_OpenShift_SetsStatusToClosing" computerName="localhost" duration="00:00:00.0001550" startTime="2026-09-21T20:30:47.3940017+03:00" endTime="2026-09-21T20:30:47.3941565+03:00" testType="13cdc9d9-ddb5-4fa4-a97d-d965ccfc6d4b" outcome="Passed" testListId="8c84fa94-04c1-424b-9868-57a2d4851a1d" relativeResultsDirectory="f467bf51-32cc-4806-a93e-1a6e1b2116ca" />
    <UnitTestResult executionId="57163286-83d7-4cab-ba5e-b3fc5dc2033b" testId="b33de21a-f23d-b373-41ac-e3117ec13888" testName="Create_NegativeOpeningBalance_ThrowsArgumentOutOfRangeException" computerName="localhost" duration="00:00:00.0001720" startTime="2026-09-21T20:30:47.3934364+03:00" endTime="2026-09-21T20:30:47.3936086+03:00" testType="13cdc9d9-ddb5-4fa4-a97d-d965ccfc6d4b" outcome="Passed" testListId="8c84fa94-04c1-424b-9868-57a2d4851a1d" relativeResultsDirectory="57163286-83d7-4cab-ba5e-b3fc5dc2033b" />
    <UnitTestResult executionId="9ae4ca76-fb09-459e-b512-83096a8c152b" testId="2c15f559-cb57-835f-5df8-5eed16fa2946" testName="SetExpenseStatusCommandHandler_ApprovesExpense" computerName="localhost" duration="00:00:00.0018550" startTime="2026-09-21T20:30:47.3066469+03:00" endTime="2026-09-21T20:30:47.3085016+03:00" testType="13cdc9d9-ddb5-4fa4-a97d-d965ccfc6d4b" outcome="Passed" testListId="8c84fa94-04c1-424b-9868-57a2d4851a1d" relativeResultsDirectory="9ae4ca76-fb09-459e-b512-83096a8c152b" />
    <UnitTestResult executionId="60ecb048-9b48-4f2e-ad48-741778ea72f9" testId="4c5705af-c41c-7934-c548-e69df7ddb99d" testName="TemplateContainsDefinedSheetsAndNoGuids(&quot;journals&quot;)" computerName="localhost" duration="00:00:00.0165880" startTime="2026-09-21T20:30:49.9713278+03:00" endTime="2026-09-21T20:30:49.9879154+03:00" testType="13cdc9d9-ddb5-4fa4-a97d-d965ccfc6d4b" outcome="Passed" testListId="8c84fa94-04c1-424b-9868-57a2d4851a1d" relativeResultsDirectory="60ecb048-9b48-4f2e-ad48-741778ea72f9" />
    <UnitTestResult executionId="0e1bb8b6-bce5-45b5-b26b-d6309e016512" testId="cfae0b69-3ce5-0e84-ee64-3f34387eed29" testName="MutableAggregateRoot_HasRowVersionConcurrencyToken(OAS.Domain.Accounting.Entities.FiscalPeriod)" computerName="localhost" duration="00:00:00.0005240" startTime="2026-09-21T20:30:48.1773231+03:00" endTime="2026-09-21T20:30:48.1778466+03:00" testType="13cdc9d9-ddb5-4fa4-a97d-d965ccfc6d4b" outcome="Passed" testListId="8c84fa94-04c1-424b-9868-57a2d4851a1d" relativeResultsDirectory="0e1bb8b6-bce5-45b5-b26b-d6309e016512" />
    <UnitTestResult executionId="8cbe8643-14fc-45e8-bae1-3eb1e90bed86" testId="4d805227-bb56-e040-21e7-a29311205e26" testName="CreatePaymentAllocationCommandHandler_CustomerAdvanceWithoutSourcePort_ThrowsConflictException" computerName="localhost" duration="00:00:00.0008920" startTime="2026-09-21T20:30:47.3483496+03:00" endTime="2026-09-21T20:30:47.3492417+03:00" testType="13cdc9d9-ddb5-4fa4-a97d-d965ccfc6d4b" outcome="Passed" testListId="8c84fa94-04c1-424b-9868-57a2d4851a1d" relativeResultsDirectory="8cbe8643-14fc-45e8-bae1-3eb1e90bed86" />
    <UnitTestResult executionId="72c8b5ab-ce3f-4cde-ae1c-58b4e40abdbe" testId="676e2f45-4206-3277-81e9-02e882985dc9" testName="OpenOrActivateEntityTab_WhenTabDoesNotExist_CreatesNewTabAndActivatesIt" computerName="localhost" duration="00:00:00.0003520" startTime="2026-09-21T20:30:47.3863734+03:00" endTime="2026-09-21T20:30:47.3867250+03:00" testType="13cdc9d9-ddb5-4fa4-a97d-d965ccfc6d4b" outcome="Passed" testListId="8c84fa94-04c1-424b-9868-57a2d4851a1d" relativeResultsDirectory="72c8b5ab-ce3f-4cde-ae1c-58b4e40abdbe" />
    <UnitTestResult executionId="4f21ecb5-c49a-49d8-bd6a-6ef8418faa4c" testId="936387a0-7809-cfcc-0afe-4ddf57968354" testName="EveryExportSectionProducesHeadersEvenWithNoMatches(&quot;receipt-vouchers&quot;)" computerName="localhost" duration="00:00:00.0203560" startTime="2026-09-21T20:30:49.3379754+03:00" endTime="2026-09-21T20:30:49.3583306+03:00" testType="13cdc9d9-ddb5-4fa4-a97d-d965ccfc6d4b" outcome="Passed" testListId="8c84fa94-04c1-424b-9868-57a2d4851a1d" relativeResultsDirectory="4f21ecb5-c49a-49d8-bd6a-6ef8418faa4c" />
    <UnitTestResult executionId="8aadb09a-a7ce-47d8-998f-756f48efe15f" testId="1eabcad4-a33c-5346-9988-0c400d3aed80" testName="UpdateBankAccountCommandHandler_ChangingCode_ThrowsConflictException" computerName="localhost" duration="00:00:00.0006800" startTime="2026-09-21T20:30:47.2789886+03:00" endTime="2026-09-21T20:30:47.2796687+03:00" testType="13cdc9d9-ddb5-4fa4-a97d-d965ccfc6d4b" outcome="Passed" testListId="8c84fa94-04c1-424b-9868-57a2d4851a1d" relativeResultsDirectory="8aadb09a-a7ce-47d8-998f-756f48efe15f" />
    <UnitTestResult executionId="7025453a-3aba-4f03-928c-02fb4fbb28e1" testId="8b513daa-0648-f31a-5281-177eb1bd4200" testName="AccountingTabState_DirtyTracking_DetectsChanges" computerName="localhost" duration="00:00:00.0003160" startTime="2026-09-21T20:30:47.3845425+03:00" endTime="2026-09-21T20:30:47.3848586+03:00" testType="13cdc9d9-ddb5-4fa4-a97d-d965ccfc6d4b" outcome="Passed" testListId="8c84fa94-04c1-424b-9868-57a2d4851a1d" relativeResultsDirectory="7025453a-3aba-4f03-928c-02fb4fbb28e1" />
    <UnitTestResult executionId="6008b1b4-ff4b-46a5-a8d7-8f3ab5df9522" testId="e7b8cceb-f4f1-0ca5-f174-1fd7c820c13c" testName="TemplateContainsDefinedSheetsAndNoGuids(&quot;accounts&quot;)" computerName="localhost" duration="00:00:00.0500740" startTime="2026-09-21T20:30:49.8388115+03:00" endTime="2026-09-21T20:30:49.8888846+03:00" testType="13cdc9d9-ddb5-4fa4-a97d-d965ccfc6d4b" outcome="Passed" testListId="8c84fa94-04c1-424b-9868-57a2d4851a1d" relativeResultsDirectory="6008b1b4-ff4b-46a5-a8d7-8f3ab5df9522" />
    <UnitTestResult executionId="b1d784d3-0943-4e50-b07a-58c914daed1b" testId="e1cbc6d2-718e-d4c3-2ac5-242e9536ace0" testName="Post_UnbalancedLines_ThrowsInvalidOperationException" computerName="localhost" duration="00:00:00.0003160" startTime="2026-09-21T20:30:47.4005277+03:00" endTime="2026-09-21T20:30:47.4008433+03:00" testType="13cdc9d9-ddb5-4fa4-a97d-d965ccfc6d4b" outcome="Passed" testListId="8c84fa94-04c1-424b-9868-57a2d4851a1d" relativeResultsDirectory="b1d784d3-0943-4e50-b07a-58c914daed1b" />
    <UnitTestResult executionId="8acf35a5-335e-4c6d-9e87-fa12f0964e0f" testId="ae9b7eb3-dce6-dbe0-73da-b733c63c6c03" testName="JournalGroupsCreateDraftOnlyWithGeneratedNumbers" computerName="localhost" duration="00:00:00.0731310" startTime="2026-09-21T20:30:49.6942527+03:00" endTime="2026-09-21T20:30:49.7673833+03:00" testType="13cdc9d9-ddb5-4fa4-a97d-d965ccfc6d4b" outcome="Passed" testListId="8c84fa94-04c1-424b-9868-57a2d4851a1d" relativeResultsDirectory="8acf35a5-335e-4c6d-9e87-fa12f0964e0f" />
    <UnitTestResult executionId="52ef33ba-91aa-481e-9b76-c1b3978905be" testId="28816463-a899-1248-9ba6-b7b422770c39" testName="EveryExportSectionProducesHeadersEvenWithNoMatches(&quot;cash-shifts&quot;)" computerName="localhost" duration="00:00:00.0236740" startTime="2026-09-21T20:30:49.4184339+03:00" endTime="2026-09-21T20:30:49.4421078+03:00" testType="13cdc9d9-ddb5-4fa4-a97d-d965ccfc6d4b" outcome="Passed" testListId="8c84fa94-04c1-424b-9868-57a2d4851a1d" relativeResultsDirectory="52ef33ba-91aa-481e-9b76-c1b3978905be" />
    <UnitTestResult executionId="4bc5487a-4a7f-4e9e-814e-62fb06505866" testId="1c443578-01d0-c411-8e0d-e789313dc941" testName="PostingProfileMapsLines" computerName="localhost" duration="00:00:00.0283110" startTime="2026-09-21T20:30:49.8103974+03:00" endTime="2026-09-21T20:30:49.8387077+03:00" testType="13cdc9d9-ddb5-4fa4-a97d-d965ccfc6d4b" outcome="Passed" testListId="8c84fa94-04c1-424b-9868-57a2d4851a1d" relativeResultsDirectory="4bc5487a-4a7f-4e9e-814e-62fb06505866" />
    <UnitTestResult executionId="470aa880-5c0c-4bf9-b4d7-aed3a94180da" testId="5bd1762a-ce2f-66b7-e65b-ea209b4efdfc" testName="EmployeeExportRetainsHeadersCodesDatesAndArabicBooleans" computerName="localhost" duration="00:00:00.0231700" startTime="2026-09-21T20:30:49.1233152+03:00" endTime="2026-09-21T20:30:49.1464849+03:00" testType="13cdc9d9-ddb5-4fa4-a97d-d965ccfc6d4b" outcome="Passed" testListId="8c84fa94-04c1-424b-9868-57a2d4851a1d" relativeResultsDirectory="470aa880-5c0c-4bf9-b4d7-aed3a94180da" />
    <UnitTestResult executionId="5c1a169c-b810-4eb1-8a1e-dd1be0294158" testId="b78ce3cf-6e74-8590-607d-68d344db4797" testName="CostCenterCyclesAndMissingParentsRejected" computerName="localhost" duration="00:00:00.0150560" startTime="2026-09-21T20:30:49.0157921+03:00" endTime="2026-09-21T20:30:49.0308473+03:00" testType="13cdc9d9-ddb5-4fa4-a97d-d965ccfc6d4b" outcome="Passed" testListId="8c84fa94-04c1-424b-9868-57a2d4851a1d" relativeResultsDirectory="5c1a169c-b810-4eb1-8a1e-dd1be0294158" />
    <UnitTestResult executionId="a1349a2a-ca30-43f0-8ca1-ef5cc3542c25" testId="915e328a-0634-d31a-8028-56ec128f8cc3" testName="MalformedWorkbooksProduceValidationErrors" computerName="localhost" duration="00:00:00.0428830" startTime="2026-09-21T20:30:49.7674654+03:00" endTime="2026-09-21T20:30:49.8103480+03:00" testType="13cdc9d9-ddb5-4fa4-a97d-d965ccfc6d4b" outcome="Passed" testListId="8c84fa94-04c1-424b-9868-57a2d4851a1d" relativeResultsDirectory="a1349a2a-ca30-43f0-8ca1-ef5cc3542c25" />
    <UnitTestResult executionId="0e08f79b-231f-4f7a-9b35-e97fefbad63b" testId="ce7f5cdb-a616-0b01-c6f8-83ef3895276c" testName="GetAccountByIdQueryHandler_ReturnsMappedDto" computerName="localhost" duration="00:00:00.0048840" startTime="2026-09-21T20:30:47.2460932+03:00" endTime="2026-09-21T20:30:47.2509769+03:00" testType="13cdc9d9-ddb5-4fa4-a97d-d965ccfc6d4b" outcome="Passed" testListId="8c84fa94-04c1-424b-9868-57a2d4851a1d" relativeResultsDirectory="0e08f79b-231f-4f7a-9b35-e97fefbad63b" />
    <UnitTestResult executionId="df3d5742-04b1-46ff-8de1-83e59b863c77" testId="907e2fa7-83f2-e9e9-544b-38f83979a835" testName="Approve_DraftExpense_SetsStatusToApproved" computerName="localhost" duration="00:00:00.0002140" startTime="2026-09-21T20:30:47.3949347+03:00" endTime="2026-09-21T20:30:47.3951484+03:00" testType="13cdc9d9-ddb5-4fa4-a97d-d965ccfc6d4b" outcome="Passed" testListId="8c84fa94-04c1-424b-9868-57a2d4851a1d" relativeResultsDirectory="df3d5742-04b1-46ff-8de1-83e59b863c77" />
    <UnitTestResult executionId="a55e81cc-4b78-48a8-bb2a-3bd327b5a313" testId="314fcebb-ad3a-1fcd-217a-7c6e0015976b" testName="EveryExportSectionProducesHeadersEvenWithNoMatches(&quot;payment-vouchers&quot;)" computerName="localhost" duration="00:00:00.0230480" startTime="2026-09-21T20:30:49.3583795+03:00" endTime="2026-09-21T20:30:49.3814276+03:00" testType="13cdc9d9-ddb5-4fa4-a97d-d965ccfc6d4b" outcome="Passed" testListId="8c84fa94-04c1-424b-9868-57a2d4851a1d" relativeResultsDirectory="a55e81cc-4b78-48a8-bb2a-3bd327b5a313" />
    <UnitTestResult executionId="1f627e57-f91a-4691-85c0-be8cbd289daa" testId="3fd5898d-186f-332f-0d90-ba97b4219a3c" testName="SetAccountStatusCommandHandler_TogglesActiveState" computerName="localhost" duration="00:00:00.0016100" startTime="2026-09-21T20:30:47.2623116+03:00" endTime="2026-09-21T20:30:47.2639210+03:00" testType="13cdc9d9-ddb5-4fa4-a97d-d965ccfc6d4b" outcome="Passed" testListId="8c84fa94-04c1-424b-9868-57a2d4851a1d" relativeResultsDirectory="1f627e57-f91a-4691-85c0-be8cbd289daa" />
    <UnitTestResult executionId="604cb724-b496-426e-b2ba-4319f4eaf578" testId="9fbc5578-7a18-5d93-b06c-a8bb9ac07d33" testName="UpdateBankAccountCommandHandler_UpdatesDetailsWithoutChangingCodeOrAccountNumber" computerName="localhost" duration="00:00:00.0013140" startTime="2026-09-21T20:30:47.2796798+03:00" endTime="2026-09-21T20:30:47.2809934+03:00" testType="13cdc9d9-ddb5-4fa4-a97d-d965ccfc6d4b" outcome="Passed" testListId="8c84fa94-04c1-424b-9868-57a2d4851a1d" relativeResultsDirectory="604cb724-b496-426e-b2ba-4319f4eaf578" />
    <UnitTestResult executionId="d327f18c-8553-4e41-961c-c9bb858164ee" testId="1f557fce-e4bc-764e-3bdd-624743cc2702" testName="ExportOnlySectionsRejectTemplates(&quot;payment-allocations&quot;)" computerName="localhost" duration="00:00:00.0064020" startTime="2026-09-21T20:30:49.5886058+03:00" endTime="2026-09-21T20:30:49.5950075+03:00" testType="13cdc9d9-ddb5-4fa4-a97d-d965ccfc6d4b" outcome="Passed" testListId="8c84fa94-04c1-424b-9868-57a2d4851a1d" relativeResultsDirectory="d327f18c-8553-4e41-961c-c9bb858164ee" />
    <UnitTestResult executionId="dca96280-2a79-47ce-b572-3459b75e20b3" testId="092b55f6-214c-975a-e8f4-81da936225bd" testName="ConfirmationRevalidatesDuplicates" computerName="localhost" duration="00:00:00.0200930" startTime="2026-09-21T20:30:48.9956288+03:00" endTime="2026-09-21T20:30:49.0157220+03:00" testType="13cdc9d9-ddb5-4fa4-a97d-d965ccfc6d4b" outcome="Passed" testListId="8c84fa94-04c1-424b-9868-57a2d4851a1d" relativeResultsDirectory="dca96280-2a79-47ce-b572-3459b75e20b3" />
    <UnitTestResult executionId="6c231c86-db30-4aea-841f-0fed8f9b8088" testId="3ca45645-b2d6-00f3-896c-6ecb0b82d42c" testName="GetExpenseByIdQueryHandler_ReturnsMappedDto" computerName="localhost" duration="00:00:00.0022320" startTime="2026-09-21T20:30:47.3043901+03:00" endTime="2026-09-21T20:30:47.3066223+03:00" testType="13cdc9d9-ddb5-4fa4-a97d-d965ccfc6d4b" outcome="Passed" testListId="8c84fa94-04c1-424b-9868-57a2d4851a1d" relativeResultsDirectory="6c231c86-db30-4aea-841f-0fed8f9b8088" />
    <UnitTestResult executionId="b2b8afe1-48d1-47f1-8231-d6a7e3984436" testId="b430d878-fbcf-3716-07eb-1ab8b74ac6d8" testName="Close_DirectlyFromOpen_ThrowsInvalidOperationException" computerName="localhost" duration="00:00:00.0003420" startTime="2026-09-21T20:30:47.3930655+03:00" endTime="2026-09-21T20:30:47.3934077+03:00" testType="13cdc9d9-ddb5-4fa4-a97d-d965ccfc6d4b" outcome="Passed" testListId="8c84fa94-04c1-424b-9868-57a2d4851a1d" relativeResultsDirectory="b2b8afe1-48d1-47f1-8231-d6a7e3984436" />
    <UnitTestResult executionId="7a8ce157-e96c-450f-9ca5-c20d648224bc" testId="6a846a9a-5693-0d60-c679-0946cfd183b9" testName="GetPaymentVoucherByIdQueryHandler_ReturnsDtoWithLines" computerName="localhost" duration="00:00:00.0040029" startTime="2026-09-21T20:30:47.3714983+03:00" endTime="2026-09-21T20:30:47.3755008+03:00" testType="13cdc9d9-ddb5-4fa4-a97d-d965ccfc6d4b" outcome="Passed" testListId="8c84fa94-04c1-424b-9868-57a2d4851a1d" relativeResultsDirectory="7a8ce157-e96c-450f-9ca5-c20d648224bc" />
    <UnitTestResult executionId="4114d956-bc02-4aee-911f-aa65775e6a86" testId="0e4aab9b-d9a7-acb3-4145-5cba60302324" testName="Create_ValidReceiptVoucher_InitializesCorrectly" computerName="localhost" duration="00:00:00.0007280" startTime="2026-09-21T20:30:47.4046230+03:00" endTime="2026-09-21T20:30:47.4053508+03:00" testType="13cdc9d9-ddb5-4fa4-a97d-d965ccfc6d4b" outcome="Passed" testListId="8c84fa94-04c1-424b-9868-57a2d4851a1d" relativeResultsDirectory="4114d956-bc02-4aee-911f-aa65775e6a86" />
    <UnitTestResult executionId="03a34b8b-55f3-4a51-aea0-d0b425d4df85" testId="d03d547f-1b2f-56b3-e68e-35e3b9785923" testName="AddLine_LineBelongingToDifferentJournal_ThrowsInvalidOperationException" computerName="localhost" duration="00:00:00.0004929" startTime="2026-09-21T20:30:47.3984029+03:00" endTime="2026-09-21T20:30:47.3988963+03:00" testType="13cdc9d9-ddb5-4fa4-a97d-d965ccfc6d4b" outcome="Passed" testListId="8c84fa94-04c1-424b-9868-57a2d4851a1d" relativeResultsDirectory="03a34b8b-55f3-4a51-aea0-d0b425d4df85" />
    <UnitTestResult executionId="695af627-e834-472f-9419-fa64dc832265" testId="2eeb7e43-c648-af81-e7b5-a3dfe5c35f5e" testName="MutableAggregateRoot_HasRowVersionConcurrencyToken(OAS.Domain.Accounting.Entities.FiscalYear)" computerName="localhost" duration="00:00:00.0356280" startTime="2026-09-21T20:30:48.1416374+03:00" endTime="2026-09-21T20:30:48.1772645+03:00" testType="13cdc9d9-ddb5-4fa4-a97d-d965ccfc6d4b" outcome="Passed" testListId="8c84fa94-04c1-424b-9868-57a2d4851a1d" relativeResultsDirectory="695af627-e834-472f-9419-fa64dc832265" />
    <UnitTestResult executionId="d9cc7603-3e3a-4bc3-9306-2f791407eddc" testId="106cfe02-324b-1477-9e87-0c65d8aa63ea" testName="CreateAccountCommandHandler_AddsAccountToRepository" computerName="localhost" duration="00:00:00.0109620" startTime="2026-09-21T20:30:47.2351139+03:00" endTime="2026-09-21T20:30:47.2460750+03:00" testType="13cdc9d9-ddb5-4fa4-a97d-d965ccfc6d4b" outcome="Passed" testListId="8c84fa94-04c1-424b-9868-57a2d4851a1d" relativeResultsDirectory="d9cc7603-3e3a-4bc3-9306-2f791407eddc" />
    <UnitTestResult executionId="687abb88-288b-4619-bbb5-9a8a189b792b" testId="f02c272c-d263-3b85-29f4-c2ad56f89f3c" testName="ExportOnlySectionsRejectTemplates(&quot;cash-shifts&quot;)" computerName="localhost" duration="00:00:00.0066560" startTime="2026-09-21T20:30:49.6015303+03:00" endTime="2026-09-21T20:30:49.6081864+03:00" testType="13cdc9d9-ddb5-4fa4-a97d-d965ccfc6d4b" outcome="Passed" testListId="8c84fa94-04c1-424b-9868-57a2d4851a1d" relativeResultsDirectory="687abb88-288b-4619-bbb5-9a8a189b792b" />
    <UnitTestResult executionId="882b1dcb-1be0-4ba9-9e14-a0a87aeed84f" testId="294b17e9-9e36-9101-7406-de2c15c5ef44" testName="GetBankAccountByIdQueryHandler_ReturnsMappedDto" computerName="localhost" duration="00:00:00.0018670" startTime="2026-09-21T20:30:47.2732518+03:00" endTime="2026-09-21T20:30:47.2751189+03:00" testType="13cdc9d9-ddb5-4fa4-a97d-d965ccfc6d4b" outcome="Passed" testListId="8c84fa94-04c1-424b-9868-57a2d4851a1d" relativeResultsDirectory="882b1dcb-1be0-4ba9-9e14-a0a87aeed84f" />
    <UnitTestResult executionId="f4b11b1a-2d80-4c12-bdca-8d0a0918e32c" testId="be0d064a-24cd-3562-788b-6749a1a9a331" testName="GetCashAccountByIdQueryHandler_ReturnsMappedDto" computerName="localhost" duration="00:00:00.0020280" startTime="2026-09-21T20:30:47.2751314+03:00" endTime="2026-09-21T20:30:47.2771593+03:00" testType="13cdc9d9-ddb5-4fa4-a97d-d965ccfc6d4b" outcome="Passed" testListId="8c84fa94-04c1-424b-9868-57a2d4851a1d" relativeResultsDirectory="f4b11b1a-2d80-4c12-bdca-8d0a0918e32c" />
    <UnitTestResult executionId="426de114-d3dd-4d15-9f19-6c459cb03be3" testId="d12fe3ea-2395-0e22-0283-31516f5a99f0" testName="Post_ChangesStatusToPostedAndSetsJournalEntryId" computerName="localhost" duration="00:00:00.0005310" startTime="2026-09-21T20:30:47.4056272+03:00" endTime="2026-09-21T20:30:47.4061581+03:00" testType="13cdc9d9-ddb5-4fa4-a97d-d965ccfc6d4b" outcome="Passed" testListId="8c84fa94-04c1-424b-9868-57a2d4851a1d" relativeResultsDirectory="426de114-d3dd-4d15-9f19-6c459cb03be3" />
    <UnitTestResult executionId="d76a51d7-7439-4223-828c-86a1c7dc0495" testId="539251c6-e336-c6ab-4a97-0f3f053f75ee" testName="SetActive_ChangesIsActiveState" computerName="localhost" duration="00:00:00.0001170" startTime="2026-09-21T20:30:47.3919411+03:00" endTime="2026-09-21T20:30:47.3920578+03:00" testType="13cdc9d9-ddb5-4fa4-a97d-d965ccfc6d4b" outcome="Passed" testListId="8c84fa94-04c1-424b-9868-57a2d4851a1d" relativeResultsDirectory="d76a51d7-7439-4223-828c-86a1c7dc0495" />
    <UnitTestResult executionId="d8850a27-ea82-45dc-8978-944c1e8fe1dd" testId="c86a96a2-5707-b58b-f77e-0cf7d6b94e49" testName="InvalidAccountsCannotSave(&quot;1110&quot;,&quot;&quot;)" computerName="localhost" duration="00:00:00.0195120" startTime="2026-09-21T20:30:49.6082524+03:00" endTime="2026-09-21T20:30:49.6277637+03:00" testType="13cdc9d9-ddb5-4fa4-a97d-d965ccfc6d4b" outcome="Passed" testListId="8c84fa94-04c1-424b-9868-57a2d4851a1d" relativeResultsDirectory="d8850a27-ea82-45dc-8978-944c1e8fe1dd" />
    <UnitTestResult executionId="ccb3cc43-7d9d-4817-8307-4e26723c88c3" testId="95ae0431-c598-22ff-cd21-96f0b6256a23" testName="Create_EndDateBeforeStartDate_ThrowsArgumentException" computerName="localhost" duration="00:00:00.0002010" startTime="2026-09-21T20:30:47.3961457+03:00" endTime="2026-09-21T20:30:47.3963466+03:00" testType="13cdc9d9-ddb5-4fa4-a97d-d965ccfc6d4b" outcome="Passed" testListId="8c84fa94-04c1-424b-9868-57a2d4851a1d" relativeResultsDirectory="ccb3cc43-7d9d-4817-8307-4e26723c88c3" />
    <UnitTestResult executionId="39dd2777-d5a3-49ca-933d-c740bb912ebc" testId="858c7efb-854a-d24d-9a92-004b8de3af4c" testName="CreatePostingProfileCommandHandler_CreatesProfileWithLines" computerName="localhost" duration="00:00:00.0026430" startTime="2026-09-21T20:30:47.3582636+03:00" endTime="2026-09-21T20:30:47.3609065+03:00" testType="13cdc9d9-ddb5-4fa4-a97d-d965ccfc6d4b" outcome="Passed" testListId="8c84fa94-04c1-424b-9868-57a2d4851a1d" relativeResultsDirectory="39dd2777-d5a3-49ca-933d-c740bb912ebc" />
    <UnitTestResult executionId="2c4efcb0-dc7c-48cc-8807-39cfdef2afc0" testId="9f081c97-bea4-bc49-89c9-db560e751129" testName="CreateBankAccountCommandHandler_CreatesBankAccount" computerName="localhost" duration="00:00:00.0021350" startTime="2026-09-21T20:30:47.2694778+03:00" endTime="2026-09-21T20:30:47.2716131+03:00" testType="13cdc9d9-ddb5-4fa4-a97d-d965ccfc6d4b" outcome="Passed" testListId="8c84fa94-04c1-424b-9868-57a2d4851a1d" relativeResultsDirectory="2c4efcb0-dc7c-48cc-8807-39cfdef2afc0" />
    <UnitTestResult executionId="de1c8897-4f3b-4799-ab0f-a17f93da8d35" testId="f6b975b9-48a9-a926-9600-95b88e32b5d9" testName="OpenNewEntityTab_CreatesNewTabInEditMode" computerName="localhost" duration="00:00:00.0005910" startTime="2026-09-21T20:30:47.3848865+03:00" endTime="2026-09-21T20:30:47.3854776+03:00" testType="13cdc9d9-ddb5-4fa4-a97d-d965ccfc6d4b" outcome="Passed" testListId="8c84fa94-04c1-424b-9868-57a2d4851a1d" relativeResultsDirectory="de1c8897-4f3b-4799-ab0f-a17f93da8d35" />
    <UnitTestResult executionId="d3338dd2-b9df-4e62-a735-67697d431b55" testId="695c7db8-41ba-e3df-2a61-0b7c77dff7fd" testName="GetAccountsQueryHandler_SearchesByCodeOrName" computerName="localhost" duration="00:00:00.0065880" startTime="2026-09-21T20:30:47.2556883+03:00" endTime="2026-09-21T20:30:47.2622760+03:00" testType="13cdc9d9-ddb5-4fa4-a97d-d965ccfc6d4b" outcome="Passed" testListId="8c84fa94-04c1-424b-9868-57a2d4851a1d" relativeResultsDirectory="d3338dd2-b9df-4e62-a735-67697d431b55" />
    <UnitTestResult executionId="5dd9250f-b8ce-43f1-ae97-626160175652" testId="52b28c99-0d9d-5b65-434e-f8b6dad684e0" testName="ExpenseTypeResolvesAccount" computerName="localhost" duration="00:00:00.0230500" startTime="2026-09-21T20:30:49.4589148+03:00" endTime="2026-09-21T20:30:49.4819646+03:00" testType="13cdc9d9-ddb5-4fa4-a97d-d965ccfc6d4b" outcome="Passed" testListId="8c84fa94-04c1-424b-9868-57a2d4851a1d" relativeResultsDirectory="5dd9250f-b8ce-43f1-ae97-626160175652" />
    <UnitTestResult executionId="6b77553e-56ec-467b-ae78-226ea788510f" testId="d76654a6-4a52-069f-2e77-371d9cedfef0" testName="Create_ZeroLevel_ThrowsArgumentOutOfRangeException" computerName="localhost" duration="00:00:00.0002640" startTime="2026-09-21T20:30:47.3916478+03:00" endTime="2026-09-21T20:30:47.3919120+03:00" testType="13cdc9d9-ddb5-4fa4-a97d-d965ccfc6d4b" outcome="Passed" testListId="8c84fa94-04c1-424b-9868-57a2d4851a1d" relativeResultsDirectory="6b77553e-56ec-467b-ae78-226ea788510f" />
    <UnitTestResult executionId="7cb44e63-bed0-4023-8666-dd924f3c5284" testId="a5c40699-558c-de43-24c1-180f907fd9f1" testName="ExportOnlySectionsRejectTemplates(&quot;payment-vouchers&quot;)" computerName="localhost" duration="00:00:00.0068490" startTime="2026-09-21T20:30:49.5817282+03:00" endTime="2026-09-21T20:30:49.5885768+03:00" testType="13cdc9d9-ddb5-4fa4-a97d-d965ccfc6d4b" outcome="Passed" testListId="8c84fa94-04c1-424b-9868-57a2d4851a1d" relativeResultsDirectory="7cb44e63-bed0-4023-8666-dd924f3c5284" />
    <UnitTestResult executionId="7ef83597-f5da-4807-afa6-ac7769d42f54" testId="0f1098de-cca6-c828-0ab3-9b5de9f92acb" testName="MutableAggregateRoot_HasRowVersionConcurrencyToken(OAS.Domain.Accounting.Entities.Account)" computerName="localhost" duration="00:00:00.0185810" startTime="2026-09-21T20:30:48.1230032+03:00" endTime="2026-09-21T20:30:48.1415843+03:00" testType="13cdc9d9-ddb5-4fa4-a97d-d965ccfc6d4b" outcome="Passed" testListId="8c84fa94-04c1-424b-9868-57a2d4851a1d" relativeResultsDirectory="7ef83597-f5da-4807-afa6-ac7769d42f54" />
    <UnitTestResult executionId="41f0172b-f469-4e2e-98f7-480bee1d90c6" testId="b06400f4-2b73-00b4-bd24-6f7686a191e4" testName="Reverse_PostedJournal_SetsStatusToReversed" computerName="localhost" duration="00:00:00.0002750" startTime="2026-09-21T20:30:47.4008702+03:00" endTime="2026-09-21T20:30:47.4011452+03:00" testType="13cdc9d9-ddb5-4fa4-a97d-d965ccfc6d4b" outcome="Passed" testListId="8c84fa94-04c1-424b-9868-57a2d4851a1d" relativeResultsDirectory="41f0172b-f469-4e2e-98f7-480bee1d90c6" />
    <UnitTestResult executionId="209e6a38-e14e-45b1-8a60-5bd70f2baef3" testId="52e07e27-489b-1f24-4106-dbf98af5e100" testName="AllAccountingControllers_HaveAuthorizeAttribute" computerName="localhost" duration="00:00:00.0002330" startTime="2026-09-21T20:30:47.2331077+03:00" endTime="2026-09-21T20:30:47.2333410+03:00" testType="13cdc9d9-ddb5-4fa4-a97d-d965ccfc6d4b" outcome="Passed" testListId="8c84fa94-04c1-424b-9868-57a2d4851a1d" relativeResultsDirectory="209e6a38-e14e-45b1-8a60-5bd70f2baef3" />
    <UnitTestResult executionId="cfae16f2-e711-4cbf-98be-55fcd9abdb9d" testId="e4595cda-2cfe-fd13-370e-2b4de6421a5a" testName="OpenOrActivateEntityTab_WhenTabAlreadyExists_DoesNotCreateDuplicateAndActivatesIt" computerName="localhost" duration="00:00:00.0008340" startTime="2026-09-21T20:30:47.3855087+03:00" endTime="2026-09-21T20:30:47.3863426+03:00" testType="13cdc9d9-ddb5-4fa4-a97d-d965ccfc6d4b" outcome="Passed" testListId="8c84fa94-04c1-424b-9868-57a2d4851a1d" relativeResultsDirectory="cfae16f2-e711-4cbf-98be-55fcd9abdb9d" />
    <UnitTestResult executionId="e4784474-6045-4610-bded-7a187dc70720" testId="da3a03e8-6bce-8cf4-d526-4540655026bf" testName="TemplateContainsDefinedSheetsAndNoGuids(&quot;cost-centers&quot;)" computerName="localhost" duration="00:00:00.0168210" startTime="2026-09-21T20:30:49.8889420+03:00" endTime="2026-09-21T20:30:49.9057621+03:00" testType="13cdc9d9-ddb5-4fa4-a97d-d965ccfc6d4b" outcome="Passed" testListId="8c84fa94-04c1-424b-9868-57a2d4851a1d" relativeResultsDirectory="e4784474-6045-4610-bded-7a187dc70720" />
    <UnitTestResult executionId="a568ed65-b38f-478d-b9ab-a773412e2b48" testId="4d1df4fe-8ef5-8c65-e165-58b9cbaa8e6d" testName="Create_ZeroOrNegativeAmount_ThrowsArgumentOutOfRangeException" computerName="localhost" duration="00:00:00.0002180" startTime="2026-09-21T20:30:47.4053812+03:00" endTime="2026-09-21T20:30:47.4055988+03:00" testType="13cdc9d9-ddb5-4fa4-a97d-d965ccfc6d4b" outcome="Passed" testListId="8c84fa94-04c1-424b-9868-57a2d4851a1d" relativeResultsDirectory="a568ed65-b38f-478d-b9ab-a773412e2b48" />
    <UnitTestResult executionId="102f3406-4465-48a9-8c3c-bc6de798984a" testId="4015f41b-4364-93e2-429d-a82c0b90831d" testName="ExportOnlySectionsRejectTemplates(&quot;fiscal-years&quot;)" computerName="localhost" duration="00:00:00.0093210" startTime="2026-09-21T20:30:49.5566620+03:00" endTime="2026-09-21T20:30:49.5659826+03:00" testType="13cdc9d9-ddb5-4fa4-a97d-d965ccfc6d4b" outcome="Passed" testListId="8c84fa94-04c1-424b-9868-57a2d4851a1d" relativeResultsDirectory="102f3406-4465-48a9-8c3c-bc6de798984a" />
    <UnitTestResult executionId="4fcbe85f-4d4c-4f3f-8545-c27031b5f120" testId="039aff4d-0212-fc05-b2e0-aef5f9755bb7" testName="Create_ValidFiscalYear_InitializesProperties" computerName="localhost" duration="00:00:00.0011689" startTime="2026-09-21T20:30:47.3963568+03:00" endTime="2026-09-21T20:30:47.3975259+03:00" testType="13cdc9d9-ddb5-4fa4-a97d-d965ccfc6d4b" outcome="Passed" testListId="8c84fa94-04c1-424b-9868-57a2d4851a1d" relativeResultsDirectory="4fcbe85f-4d4c-4f3f-8545-c27031b5f120" />
    <UnitTestResult executionId="d2603f95-2d1e-4142-8033-9e320dbbe302" testId="f864070f-be7f-5e78-c687-54dc9003114d" testName="DecimalAmountsRemainNumericAndTextCodesKeepLeadingZeros" computerName="localhost" duration="00:00:00.0343150" startTime="2026-09-21T20:30:49.0889486+03:00" endTime="2026-09-21T20:30:49.1232629+03:00" testType="13cdc9d9-ddb5-4fa4-a97d-d965ccfc6d4b" outcome="Passed" testListId="8c84fa94-04c1-424b-9868-57a2d4851a1d" relativeResultsDirectory="d2603f95-2d1e-4142-8033-9e320dbbe302" />
    <UnitTestResult executionId="d8cc786c-cbdf-4d9c-8d11-92513378ea1e" testId="fb31ce27-c262-eab4-59b8-1d8549c02c09" testName="MutableAggregateRoot_HasRowVersionConcurrencyToken(OAS.Domain.Accounting.Entities.Expense)" computerName="localhost" duration="00:00:00.0002980" startTime="2026-09-21T20:30:48.1823259+03:00" endTime="2026-09-21T20:30:48.1826234+03:00" testType="13cdc9d9-ddb5-4fa4-a97d-d965ccfc6d4b" outcome="Passed" testListId="8c84fa94-04c1-424b-9868-57a2d4851a1d" relativeResultsDirectory="d8cc786c-cbdf-4d9c-8d11-92513378ea1e" />
    <UnitTestResult executionId="cc2caa45-72a6-44ee-8466-c226f86b3b13" testId="a9c5c434-78e6-e815-282c-8ea4c0ff6080" testName="CreateExpenseCommandHandler_CreatesExpenseWithGeneratedNumber" computerName="localhost" duration="00:00:00.0028760" startTime="2026-09-21T20:30:47.3015024+03:00" endTime="2026-09-21T20:30:47.3043779+03:00" testType="13cdc9d9-ddb5-4fa4-a97d-d965ccfc6d4b" outcome="Passed" testListId="8c84fa94-04c1-424b-9868-57a2d4851a1d" relativeResultsDirectory="cc2caa45-72a6-44ee-8466-c226f86b3b13" />
    <UnitTestResult executionId="72a38fbd-18be-420c-80fb-df9b3da33d27" testId="006e7288-e86e-f7e9-fa50-d6d77fed3c0e" testName="GetCashShiftByIdQueryHandler_ReturnsMappedDto" computerName="localhost" duration="00:00:00.0019770" startTime="2026-09-21T20:30:47.2924437+03:00" endTime="2026-09-21T20:30:47.2944210+03:00" testType="13cdc9d9-ddb5-4fa4-a97d-d965ccfc6d4b" outcome="Passed" testListId="8c84fa94-04c1-424b-9868-57a2d4851a1d" relativeResultsDirectory="72a38fbd-18be-420c-80fb-df9b3da33d27" />
    <UnitTestResult executionId="5d59130c-9081-4c64-8a7e-b9c7ab48d9b9" testId="0510c8ca-3f5d-7b00-13a6-23662654c9b8" testName="ExportOnlySectionsRejectTemplates(&quot;receipt-vouchers&quot;)" computerName="localhost" duration="00:00:00.0088310" startTime="2026-09-21T20:30:49.5728651+03:00" endTime="2026-09-21T20:30:49.5816958+03:00" testType="13cdc9d9-ddb5-4fa4-a97d-d965ccfc6d4b" outcome="Passed" testListId="8c84fa94-04c1-424b-9868-57a2d4851a1d" relativeResultsDirectory="5d59130c-9081-4c64-8a7e-b9c7ab48d9b9" />
    <UnitTestResult executionId="7a35a2ae-670d-4c16-9ac3-8ae581ae04ee" testId="66bb5bad-62fe-e1e5-052e-148ae35bdcad" testName="UpdateDetails_UpdatesFieldsCorrectly" computerName="localhost" duration="00:00:00.0001660" startTime="2026-09-21T20:30:47.4038900+03:00" endTime="2026-09-21T20:30:47.4040559+03:00" testType="13cdc9d9-ddb5-4fa4-a97d-d965ccfc6d4b" outcome="Passed" testListId="8c84fa94-04c1-424b-9868-57a2d4851a1d" relativeResultsDirectory="7a35a2ae-670d-4c16-9ac3-8ae581ae04ee" />
    <UnitTestResult executionId="da7f1939-19d6-4003-b9f1-3fbeaa79d062" testId="2bcf3c56-3e18-0a8a-12cd-d8720e68bd5f" testName="UpdatePaymentAllocationCommandHandler_ExcludesCurrentAllocationFromAvailableCalculation" computerName="localhost" duration="00:00:00.0033390" startTime="2026-09-21T20:30:47.3534163+03:00" endTime="2026-09-21T20:30:47.3567550+03:00" testType="13cdc9d9-ddb5-4fa4-a97d-d965ccfc6d4b" outcome="Passed" testListId="8c84fa94-04c1-424b-9868-57a2d4851a1d" relativeResultsDirectory="da7f1939-19d6-4003-b9f1-3fbeaa79d062" />
    <UnitTestResult executionId="f9155c05-a55a-4cb6-ad98-76d7e98051c4" testId="70c66e54-4b75-b0d6-2f12-f542f13b9bc8" testName="CreateCostCenterCommandHandler_CreatesNewCostCenter" computerName="localhost" duration="00:00:00.0022320" startTime="2026-09-21T20:30:47.2948161+03:00" endTime="2026-09-21T20:30:47.2970480+03:00" testType="13cdc9d9-ddb5-4fa4-a97d-d965ccfc6d4b" outcome="Passed" testListId="8c84fa94-04c1-424b-9868-57a2d4851a1d" relativeResultsDirectory="f9155c05-a55a-4cb6-ad98-76d7e98051c4" />
    <UnitTestResult executionId="832aa360-9e42-4361-b4d3-d3c269b9689a" testId="90a2e6b6-d90e-9184-8f6b-38d1477b123e" testName="CyclesAndFileDuplicatesAreRejected" computerName="localhost" duration="00:00:00.0222420" startTime="2026-09-21T20:30:49.0666633+03:00" endTime="2026-09-21T20:30:49.0889051+03:00" testType="13cdc9d9-ddb5-4fa4-a97d-d965ccfc6d4b" outcome="Passed" testListId="8c84fa94-04c1-424b-9868-57a2d4851a1d" relativeResultsDirectory="832aa360-9e42-4361-b4d3-d3c269b9689a" />
    <UnitTestResult executionId="953725b4-a6bc-488d-b875-dcdfafa3047d" testId="92f98178-8283-a9e8-fbb9-e79592ee2063" testName="InvalidAccountsCannotSave(&quot;1200&quot;,&quot;missing&quot;)" computerName="localhost" duration="00:00:00.0171520" startTime="2026-09-21T20:30:49.6278151+03:00" endTime="2026-09-21T20:30:49.6449671+03:00" testType="13cdc9d9-ddb5-4fa4-a97d-d965ccfc6d4b" outcome="Passed" testListId="8c84fa94-04c1-424b-9868-57a2d4851a1d" relativeResultsDirectory="953725b4-a6bc-488d-b875-dcdfafa3047d" />
    <UnitTestResult executionId="f7e4b7c6-0d34-4624-9b3f-6cf5b7353b40" testId="c0682390-0926-2d36-f9ec-edab82c8577f" testName="CanReceivePosting_RulesEnforcedCorrectly" computerName="localhost" duration="00:00:00.0002560" startTime="2026-09-21T20:30:47.3884735+03:00" endTime="2026-09-21T20:30:47.3887292+03:00" testType="13cdc9d9-ddb5-4fa4-a97d-d965ccfc6d4b" outcome="Passed" testListId="8c84fa94-04c1-424b-9868-57a2d4851a1d" relativeResultsDirectory="f7e4b7c6-0d34-4624-9b3f-6cf5b7353b40" />
    <UnitTestResult executionId="93d01926-4179-424d-b0d5-dad3c781953f" testId="48cbc055-d84c-869a-2b6c-51d2aff25663" testName="AccountingClientContainsNoHtmlOrCss" computerName="localhost" duration="00:00:00.0033250" startTime="2026-09-21T20:30:47.3797979+03:00" endTime="2026-09-21T20:30:47.3831223+03:00" testType="13cdc9d9-ddb5-4fa4-a97d-d965ccfc6d4b" outcome="Passed" testListId="8c84fa94-04c1-424b-9868-57a2d4851a1d" relativeResultsDirectory="93d01926-4179-424d-b0d5-dad3c781953f" />
    <UnitTestResult executionId="f4d39ab3-8133-4939-a2d7-8a702f495e3e" testId="5836d028-0c64-728c-31f9-4818a10180a8" testName="AddLine_ValidBalancedLines_AddsSuccessfully" computerName="localhost" duration="00:00:00.0004740" startTime="2026-09-21T20:30:47.3993833+03:00" endTime="2026-09-21T20:30:47.3998574+03:00" testType="13cdc9d9-ddb5-4fa4-a97d-d965ccfc6d4b" outcome="Passed" testListId="8c84fa94-04c1-424b-9868-57a2d4851a1d" relativeResultsDirectory="f4d39ab3-8133-4939-a2d7-8a702f495e3e" />
    <UnitTestResult executionId="909c80d6-e50d-4078-be84-57d0ea915276" testId="b153eff2-a8d8-c23c-2f7a-634e44d1c77f" testName="ModelBuilder_ConfiguresAllAccountingEntitiesWithAccountingSchemaAndExpectedTables" computerName="localhost" duration="00:00:00.7152900" startTime="2026-09-21T20:30:47.4076001+03:00" endTime="2026-09-21T20:30:48.1228896+03:00" testType="13cdc9d9-ddb5-4fa4-a97d-d965ccfc6d4b" outcome="Passed" testListId="8c84fa94-04c1-424b-9868-57a2d4851a1d" relativeResultsDirectory="909c80d6-e50d-4078-be84-57d0ea915276" />
    <UnitTestResult executionId="6df814c1-431b-42a2-afdd-a23d5ec1e839" testId="5e2cc5f0-2395-dcac-dec2-196e4eccecfc" testName="ServiceProvider_ValidateOnBuild_SucceedsWithoutUnresolvedDependencies" computerName="localhost" duration="00:00:00.0157140" startTime="2026-09-21T20:30:50.0151301+03:00" endTime="2026-09-21T20:30:50.0308437+03:00" testType="13cdc9d9-ddb5-4fa4-a97d-d965ccfc6d4b" outcome="Passed" testListId="8c84fa94-04c1-424b-9868-57a2d4851a1d" relativeResultsDirectory="6df814c1-431b-42a2-afdd-a23d5ec1e839" />
    <UnitTestResult executionId="e12c9232-73ca-4a23-806b-e967c37acf93" testId="9ffd06f6-3651-fe69-7724-92e8a5dbd2b8" testName="InvalidAccountsCannotSave(&quot;1200&quot;,&quot;1200&quot;)" computerName="localhost" duration="00:00:00.0193230" startTime="2026-09-21T20:30:49.6450104+03:00" endTime="2026-09-21T20:30:49.6643334+03:00" testType="13cdc9d9-ddb5-4fa4-a97d-d965ccfc6d4b" outcome="Passed" testListId="8c84fa94-04c1-424b-9868-57a2d4851a1d" relativeResultsDirectory="e12c9232-73ca-4a23-806b-e967c37acf93" />
    <UnitTestResult executionId="4e0ccdae-2dd9-4b57-a177-989a9905d67a" testId="6b1e6bac-b625-e1dd-68a8-cd9329a7cf36" testName="TemplateContainsDefinedSheetsAndNoGuids(&quot;bank-accounts&quot;)" computerName="localhost" duration="00:00:00.0178640" startTime="2026-09-21T20:30:49.9205774+03:00" endTime="2026-09-21T20:30:49.9384410+03:00" testType="13cdc9d9-ddb5-4fa4-a97d-d965ccfc6d4b" outcome="Passed" testListId="8c84fa94-04c1-424b-9868-57a2d4851a1d" relativeResultsDirectory="4e0ccdae-2dd9-4b57-a177-989a9905d67a" />
    <UnitTestResult executionId="fedab55a-4f43-4be9-b6f8-d4a8e0b4ce4b" testId="fe613fb7-d3c1-08ef-c6e0-a11258271181" testName="Post_BalancedLines_ChangesStatusToPosted" computerName="localhost" duration="00:00:00.0003120" startTime="2026-09-21T20:30:47.4001928+03:00" endTime="2026-09-21T20:30:47.4005041+03:00" testType="13cdc9d9-ddb5-4fa4-a97d-d965ccfc6d4b" outcome="Passed" testListId="8c84fa94-04c1-424b-9868-57a2d4851a1d" relativeResultsDirectory="fedab55a-4f43-4be9-b6f8-d4a8e0b4ce4b" />
    <UnitTestResult executionId="fd3afeae-dac7-4ba5-b2f8-48a76f048a58" testId="1629c251-4f8c-ebcb-4080-77a588ca1c19" testName="CreatePaymentVoucherCommandHandler_CreatesPaymentVoucherWithLines" computerName="localhost" duration="00:00:00.0036050" startTime="2026-09-21T20:30:47.3646269+03:00" endTime="2026-09-21T20:30:47.3682314+03:00" testType="13cdc9d9-ddb5-4fa4-a97d-d965ccfc6d4b" outcome="Passed" testListId="8c84fa94-04c1-424b-9868-57a2d4851a1d" relativeResultsDirectory="fd3afeae-dac7-4ba5-b2f8-48a76f048a58" />
    <UnitTestResult executionId="5f5078ab-80ce-4e8f-9ca8-778c0f0131dd" testId="94053617-bc3b-bbb5-b609-6f2279674884" testName="GetPaymentAllocationByIdQueryHandler_ReturnsMappedDto" computerName="localhost" duration="00:00:00.0013910" startTime="2026-09-21T20:30:47.3519923+03:00" endTime="2026-09-21T20:30:47.3533835+03:00" testType="13cdc9d9-ddb5-4fa4-a97d-d965ccfc6d4b" outcome="Passed" testListId="8c84fa94-04c1-424b-9868-57a2d4851a1d" relativeResultsDirectory="5f5078ab-80ce-4e8f-9ca8-778c0f0131dd" />
    <UnitTestResult executionId="6e97e65c-0ea0-49f0-9826-6fb10e2e87f1" testId="80655082-2f92-e6ff-7511-50ce3241f6cf" testName="MutableAggregateRoot_HasRowVersionConcurrencyToken(OAS.Domain.Accounting.Entities.JournalEntry)" computerName="localhost" duration="00:00:00.0002720" startTime="2026-09-21T20:30:48.1778568+03:00" endTime="2026-09-21T20:30:48.1781287+03:00" testType="13cdc9d9-ddb5-4fa4-a97d-d965ccfc6d4b" outcome="Passed" testListId="8c84fa94-04c1-424b-9868-57a2d4851a1d" relativeResultsDirectory="6e97e65c-0ea0-49f0-9826-6fb10e2e87f1" />
    <UnitTestResult executionId="b49154a6-86ae-42ad-87d1-d3547383c570" testId="15aac0fd-b317-4810-4c66-fa4864610546" testName="BankNumberAndCodeDuplicatesRejected" computerName="localhost" duration="00:00:00.0413139" startTime="2026-09-21T20:30:48.9122824+03:00" endTime="2026-09-21T20:30:48.9535963+03:00" testType="13cdc9d9-ddb5-4fa4-a97d-d965ccfc6d4b" outcome="Passed" testListId="8c84fa94-04c1-424b-9868-57a2d4851a1d" relativeResultsDirectory="b49154a6-86ae-42ad-87d1-d3547383c570" />
    <UnitTestResult executionId="7f622764-48ee-40a2-b5f2-0fa319d844c1" testId="002d88de-831f-e549-570b-294b67bb2344" testName="Create_EmptyCodeOrNameAr_ThrowsArgumentException" computerName="localhost" duration="00:00:00.0007640" startTime="2026-09-21T20:30:47.3887820+03:00" endTime="2026-09-21T20:30:47.3895460+03:00" testType="13cdc9d9-ddb5-4fa4-a97d-d965ccfc6d4b" outcome="Passed" testListId="8c84fa94-04c1-424b-9868-57a2d4851a1d" relativeResultsDirectory="7f622764-48ee-40a2-b5f2-0fa319d844c1" />
    <UnitTestResult executionId="5ea3ed07-22dd-44c3-9059-5351f7f8c9ef" testId="9cca546b-c256-89bf-0b6b-eff8d44b52dc" testName="CashDuplicateAndMissingAccountRejected" computerName="localhost" duration="00:00:00.0419390" startTime="2026-09-21T20:30:48.9536439+03:00" endTime="2026-09-21T20:30:48.9955825+03:00" testType="13cdc9d9-ddb5-4fa4-a97d-d965ccfc6d4b" outcome="Passed" testListId="8c84fa94-04c1-424b-9868-57a2d4851a1d" relativeResultsDirectory="5ea3ed07-22dd-44c3-9059-5351f7f8c9ef" />
    <UnitTestResult executionId="8bd1afe5-6004-47b8-a961-18499c44aafc" testId="d5bc1b82-f805-af04-82d3-4131a8270164" testName="FullAccountingLifecycleWorkflow_ExecutesSuccessfully" computerName="localhost" duration="00:00:00.0024410" startTime="2026-09-21T20:30:48.1828344+03:00" endTime="2026-09-21T20:30:48.1852755+03:00" testType="13cdc9d9-ddb5-4fa4-a97d-d965ccfc6d4b" outcome="Passed" testListId="8c84fa94-04c1-424b-9868-57a2d4851a1d" relativeResultsDirectory="8bd1afe5-6004-47b8-a961-18499c44aafc" />
    <UnitTestResult executionId="51840862-d2d4-4a4f-8d52-3ddab6465412" testId="1b19147c-c296-25e8-dee3-a46fa55b0c7c" testName="Create_ValidCostCenter_InitializesProperties" computerName="localhost" duration="00:00:00.0001530" startTime="2026-09-21T20:30:47.3942601+03:00" endTime="2026-09-21T20:30:47.3944129+03:00" testType="13cdc9d9-ddb5-4fa4-a97d-d965ccfc6d4b" outcome="Passed" testListId="8c84fa94-04c1-424b-9868-57a2d4851a1d" relativeResultsDirectory="51840862-d2d4-4a4f-8d52-3ddab6465412" />
    <UnitTestResult executionId="fae01093-87fb-44c5-b670-c4e9e2d8e4ec" testId="117ff2ff-eb2c-f4b7-2732-bacf6deb0424" testName="SetActive_TogglesActiveFlag" computerName="localhost" duration="00:00:00.0001170" startTime="2026-09-21T20:30:47.4037650+03:00" endTime="2026-09-21T20:30:47.4038823+03:00" testType="13cdc9d9-ddb5-4fa4-a97d-d965ccfc6d4b" outcome="Passed" testListId="8c84fa94-04c1-424b-9868-57a2d4851a1d" relativeResultsDirectory="fae01093-87fb-44c5-b670-c4e9e2d8e4ec" />
    <UnitTestResult executionId="05906e4c-412a-4f2b-8085-03c256e9f181" testId="fa254332-238c-b068-45ae-f101b0cc30fc" testName="EveryExportSectionProducesHeadersEvenWithNoMatches(&quot;posting-profiles&quot;)" computerName="localhost" duration="00:00:00.0205970" startTime="2026-09-21T20:30:49.2537801+03:00" endTime="2026-09-21T20:30:49.2743763+03:00" testType="13cdc9d9-ddb5-4fa4-a97d-d965ccfc6d4b" outcome="Passed" testListId="8c84fa94-04c1-424b-9868-57a2d4851a1d" relativeResultsDirectory="05906e4c-412a-4f2b-8085-03c256e9f181" />
    <UnitTestResult executionId="e5259778-b1b8-47b9-a05b-44784709e6c2" testId="f8f59b27-d83f-f420-2cc0-907ca2490c9c" testName="EveryExportSectionProducesHeadersEvenWithNoMatches(&quot;bank-accounts&quot;)" computerName="localhost" duration="00:00:00.0203239" startTime="2026-09-21T20:30:49.2143918+03:00" endTime="2026-09-21T20:30:49.2347154+03:00" testType="13cdc9d9-ddb5-4fa4-a97d-d965ccfc6d4b" outcome="Passed" testListId="8c84fa94-04c1-424b-9868-57a2d4851a1d" relativeResultsDirectory="e5259778-b1b8-47b9-a05b-44784709e6c2" />
    <UnitTestResult executionId="aa08d001-f658-4f3e-bb2a-f811edf0ace9" testId="51a72ee5-775a-5a9a-34fc-f269e990951a" testName="Create_ValidPaymentVoucher_InitializesCorrectly" computerName="localhost" duration="00:00:00.0012010" startTime="2026-09-21T20:30:47.4015148+03:00" endTime="2026-09-21T20:30:47.4027154+03:00" testType="13cdc9d9-ddb5-4fa4-a97d-d965ccfc6d4b" outcome="Passed" testListId="8c84fa94-04c1-424b-9868-57a2d4851a1d" relativeResultsDirectory="aa08d001-f658-4f3e-bb2a-f811edf0ace9" />
    <UnitTestResult executionId="e88e6375-22c8-4341-959e-a029efeb8032" testId="8b382371-4d5f-4a8f-cef8-1cb2f10b05ef" testName="EveryExportSectionProducesHeadersEvenWithNoMatches(&quot;cost-centers&quot;)" computerName="localhost" duration="00:00:00.0193710" startTime="2026-09-21T20:30:49.1726475+03:00" endTime="2026-09-21T20:30:49.1920185+03:00" testType="13cdc9d9-ddb5-4fa4-a97d-d965ccfc6d4b" outcome="Passed" testListId="8c84fa94-04c1-424b-9868-57a2d4851a1d" relativeResultsDirectory="e88e6375-22c8-4341-959e-a029efeb8032" />
    <UnitTestResult executionId="3fabc78e-5198-4047-a676-5f36f3d3c65f" testId="1fc6627b-9e6e-e8af-b2f8-4bd884ea260a" testName="Create_ValidParameters_CreatesOpenShift" computerName="localhost" duration="00:00:00.0003350" startTime="2026-09-21T20:30:47.3936363+03:00" endTime="2026-09-21T20:30:47.3939717+03:00" testType="13cdc9d9-ddb5-4fa4-a97d-d965ccfc6d4b" outcome="Passed" testListId="8c84fa94-04c1-424b-9868-57a2d4851a1d" relativeResultsDirectory="3fabc78e-5198-4047-a676-5f36f3d3c65f" />
    <UnitTestResult executionId="90aad51b-0127-4079-8914-65cc741c7679" testId="886b5eb8-5699-6327-e29c-d7b88f8d804c" testName="UpdateDetails_UpdatesPropertiesCorrectly" computerName="localhost" duration="00:00:00.0002310" startTime="2026-09-21T20:30:47.3946163+03:00" endTime="2026-09-21T20:30:47.3948471+03:00" testType="13cdc9d9-ddb5-4fa4-a97d-d965ccfc6d4b" outcome="Passed" testListId="8c84fa94-04c1-424b-9868-57a2d4851a1d" relativeResultsDirectory="90aad51b-0127-4079-8914-65cc741c7679" />
    <UnitTestResult executionId="49a1454d-4145-41a7-92bb-66f0e5a9f4a6" testId="88a352a4-32d3-2ef3-cdf9-42e2457e80ed" testName="Create_EmptyId_ThrowsArgumentException" computerName="localhost" duration="00:00:00.0002870" startTime="2026-09-21T20:30:47.3895772+03:00" endTime="2026-09-21T20:30:47.3898639+03:00" testType="13cdc9d9-ddb5-4fa4-a97d-d965ccfc6d4b" outcome="Passed" testListId="8c84fa94-04c1-424b-9868-57a2d4851a1d" relativeResultsDirectory="49a1454d-4145-41a7-92bb-66f0e5a9f4a6" />
    <UnitTestResult executionId="2617945a-5a00-4308-b01e-220d9fd39201" testId="06b02c94-1ba2-9296-6404-e527627c6c5e" testName="EveryExportSectionProducesHeadersEvenWithNoMatches(&quot;expenses&quot;)" computerName="localhost" duration="00:00:00.0190530" startTime="2026-09-21T20:30:49.3993394+03:00" endTime="2026-09-21T20:30:49.4183921+03:00" testType="13cdc9d9-ddb5-4fa4-a97d-d965ccfc6d4b" outcome="Passed" testListId="8c84fa94-04c1-424b-9868-57a2d4851a1d" relativeResultsDirectory="2617945a-5a00-4308-b01e-220d9fd39201" />
    <UnitTestResult executionId="90cc7e3b-4198-438f-b0bd-5f4527697e20" testId="2e9eaf83-b896-1618-c02e-0edda4f19301" testName="UpdateDetails_ValidValues_UpdatesAccountCorrectly" computerName="localhost" duration="00:00:00.0002480" startTime="2026-09-21T20:30:47.3920778+03:00" endTime="2026-09-21T20:30:47.3923254+03:00" testType="13cdc9d9-ddb5-4fa4-a97d-d965ccfc6d4b" outcome="Passed" testListId="8c84fa94-04c1-424b-9868-57a2d4851a1d" relativeResultsDirectory="90cc7e3b-4198-438f-b0bd-5f4527697e20" />
    <UnitTestResult executionId="23f2db81-efe1-46b2-8584-c3a6424ff4b9" testId="009c3ccd-e075-2816-86f3-7c81185390c7" testName="UpdateAccountCommandHandler_UpdatesExistingAccountWithoutChangingCode" computerName="localhost" duration="00:00:00.0013040" startTime="2026-09-21T20:30:47.2678858+03:00" endTime="2026-09-21T20:30:47.2691895+03:00" testType="13cdc9d9-ddb5-4fa4-a97d-d965ccfc6d4b" outcome="Passed" testListId="8c84fa94-04c1-424b-9868-57a2d4851a1d" relativeResultsDirectory="23f2db81-efe1-46b2-8584-c3a6424ff4b9" />
    <UnitTestResult executionId="91bc2641-acc2-4eae-bcc8-4da34ccb24d5" testId="5ad162f0-4a85-8b3b-fa26-05698c5a46ec" testName="ReverseJournalEntryCommandHandler_CreatesOppositeJournalAndSetsReversed" computerName="localhost" duration="00:00:00.0046610" startTime="2026-09-21T20:30:47.3334151+03:00" endTime="2026-09-21T20:30:47.3380755+03:00" testType="13cdc9d9-ddb5-4fa4-a97d-d965ccfc6d4b" outcome="Passed" testListId="8c84fa94-04c1-424b-9868-57a2d4851a1d" relativeResultsDirectory="91bc2641-acc2-4eae-bcc8-4da34ccb24d5" />
    <UnitTestResult executionId="3833e30f-08e6-4c33-a644-bd67926360c9" testId="6d8ed17e-f855-673a-7fb3-6904b9ba4207" testName="MutableAggregateRoot_HasRowVersionConcurrencyToken(OAS.Domain.Accounting.Entities.BankAccount)" computerName="localhost" duration="00:00:00.0002610" startTime="2026-09-21T20:30:48.1802104+03:00" endTime="2026-09-21T20:30:48.1804710+03:00" testType="13cdc9d9-ddb5-4fa4-a97d-d965ccfc6d4b" outcome="Passed" testListId="8c84fa94-04c1-424b-9868-57a2d4851a1d" relativeResultsDirectory="3833e30f-08e6-4c33-a644-bd67926360c9" />
    <UnitTestResult executionId="abcb8d51-f1ac-4207-8619-0848f7ba8071" testId="2e3884ca-1867-e049-7f3a-2d485dbe8060" testName="ExportOnlySectionsRejectTemplates(&quot;fiscal-periods&quot;)" computerName="localhost" duration="00:00:00.0068080" startTime="2026-09-21T20:30:49.5660234+03:00" endTime="2026-09-21T20:30:49.5728313+03:00" testType="13cdc9d9-ddb5-4fa4-a97d-d965ccfc6d4b" outcome="Passed" testListId="8c84fa94-04c1-424b-9868-57a2d4851a1d" relativeResultsDirectory="abcb8d51-f1ac-4207-8619-0848f7ba8071" />
    <UnitTestResult executionId="3d920390-7d9b-44a6-8f64-ec191a8ccd06" testId="caaf2421-c83c-5b30-8734-b1d4738930e2" testName="MutableAggregateRoot_HasRowVersionConcurrencyToken(OAS.Domain.Accounting.Entities.ReceiptVoucher)" computerName="localhost" duration="00:00:00.0003040" startTime="2026-09-21T20:30:48.1793045+03:00" endTime="2026-09-21T20:30:48.1796080+03:00" testType="13cdc9d9-ddb5-4fa4-a97d-d965ccfc6d4b" outcome="Passed" testListId="8c84fa94-04c1-424b-9868-57a2d4851a1d" relativeResultsDirectory="3d920390-7d9b-44a6-8f64-ec191a8ccd06" />
    <UnitTestResult executionId="de7d5765-f428-49da-a1e3-ec4a4bcc41b1" testId="5de5c92b-43f6-ded3-a7e4-355587c6ee38" testName="FiscalPeriod_CreateAndSetLocks_WorksCorrectly" computerName="localhost" duration="00:00:00.0003020" startTime="2026-09-21T20:30:47.3975576+03:00" endTime="2026-09-21T20:30:47.3978592+03:00" testType="13cdc9d9-ddb5-4fa4-a97d-d965ccfc6d4b" outcome="Passed" testListId="8c84fa94-04c1-424b-9868-57a2d4851a1d" relativeResultsDirectory="de7d5765-f428-49da-a1e3-ec4a4bcc41b1" />
    <UnitTestResult executionId="576bc09e-3193-482f-ae44-070b1ecea164" testId="37f8ea76-272e-6dae-23c5-4517a5c0c387" testName="CostCenterForwardParentAndDuplicateValidation" computerName="localhost" duration="00:00:00.0357250" startTime="2026-09-21T20:30:49.0308898+03:00" endTime="2026-09-21T20:30:49.0666149+03:00" testType="13cdc9d9-ddb5-4fa4-a97d-d965ccfc6d4b" outcome="Passed" testListId="8c84fa94-04c1-424b-9868-57a2d4851a1d" relativeResultsDirectory="576bc09e-3193-482f-ae44-070b1ecea164" />
    <UnitTestResult executionId="78589182-b782-46f2-b017-fedacd1079e1" testId="3f3bef3e-c860-2fbb-018c-0a4d9314589b" testName="UnbalancedAndInvalidJournalAccountsRejected" computerName="localhost" duration="00:00:00.0269250" startTime="2026-09-21T20:30:49.9879829+03:00" endTime="2026-09-21T20:30:50.0149075+03:00" testType="13cdc9d9-ddb5-4fa4-a97d-d965ccfc6d4b" outcome="Passed" testListId="8c84fa94-04c1-424b-9868-57a2d4851a1d" relativeResultsDirectory="78589182-b782-46f2-b017-fedacd1079e1" />
    <UnitTestResult executionId="38d760cb-998a-41b2-827e-8f7855892e73" testId="4432792e-845a-f531-e6ab-09bb557b551d" testName="UpdateCashAccountCommandHandler_UpdatesDetailsWithoutChangingCode" computerName="localhost" duration="00:00:00.0012840" startTime="2026-09-21T20:30:47.2823769+03:00" endTime="2026-09-21T20:30:47.2836608+03:00" testType="13cdc9d9-ddb5-4fa4-a97d-d965ccfc6d4b" outcome="Passed" testListId="8c84fa94-04c1-424b-9868-57a2d4851a1d" relativeResultsDirectory="38d760cb-998a-41b2-827e-8f7855892e73" />
    <UnitTestResult executionId="d6178cc7-d3be-4b27-9653-61e955bbc0ff" testId="a32438e5-3e68-fb0c-4e51-627f7390a13d" testName="GetFiscalYearByIdQueryHandler_ReturnsDto" computerName="localhost" duration="00:00:00.0017280" startTime="2026-09-21T20:30:47.3123943+03:00" endTime="2026-09-21T20:30:47.3141223+03:00" testType="13cdc9d9-ddb5-4fa4-a97d-d965ccfc6d4b" outcome="Passed" testListId="8c84fa94-04c1-424b-9868-57a2d4851a1d" relativeResultsDirectory="d6178cc7-d3be-4b27-9653-61e955bbc0ff" />
    <UnitTestResult executionId="6a8774f4-26ba-4bbf-af92-d3369511b03f" testId="470716cf-1980-bcb4-ddcf-50f1664b7f4b" testName="CreateCashShiftCommandHandler_OpensNewShift" computerName="localhost" duration="00:00:00.0034910" startTime="2026-09-21T20:30:47.2889339+03:00" endTime="2026-09-21T20:30:47.2924246+03:00" testType="13cdc9d9-ddb5-4fa4-a97d-d965ccfc6d4b" outcome="Passed" testListId="8c84fa94-04c1-424b-9868-57a2d4851a1d" relativeResultsDirectory="6a8774f4-26ba-4bbf-af92-d3369511b03f" />
    <UnitTestResult executionId="276e5198-29b0-43d1-8f9a-22d520a05e4d" testId="e316013a-dfde-5e01-0585-ba4dfde36770" testName="GetAccountsQueryHandler_ReturnsPagedResult" computerName="localhost" duration="00:00:00.0046440" startTime="2026-09-21T20:30:47.2510108+03:00" endTime="2026-09-21T20:30:47.2556547+03:00" testType="13cdc9d9-ddb5-4fa4-a97d-d965ccfc6d4b" outcome="Passed" testListId="8c84fa94-04c1-424b-9868-57a2d4851a1d" relativeResultsDirectory="276e5198-29b0-43d1-8f9a-22d520a05e4d" />
    <UnitTestResult executionId="ab93f1e5-f267-443d-894b-380fc87a73e7" testId="16b521e0-a464-24b2-5b70-b0465b320b20" testName="AllAccountingControllers_HaveApiControllerAndRouteAttributes" computerName="localhost" duration="00:00:00.0028320" startTime="2026-09-21T20:30:47.2302319+03:00" endTime="2026-09-21T20:30:47.2330643+03:00" testType="13cdc9d9-ddb5-4fa4-a97d-d965ccfc6d4b" outcome="Passed" testListId="8c84fa94-04c1-424b-9868-57a2d4851a1d" relativeResultsDirectory="ab93f1e5-f267-443d-894b-380fc87a73e7" />
    <UnitTestResult executionId="799553d3-84ff-4e0e-98e7-8b0b6d5e51d0" testId="115c9b7b-fb14-75cd-5d79-55d15f85c8b5" testName="UpdateCashAccountCommandHandler_ChangingCode_ThrowsConflictException" computerName="localhost" duration="00:00:00.0013600" startTime="2026-09-21T20:30:47.2810051+03:00" endTime="2026-09-21T20:30:47.2823654+03:00" testType="13cdc9d9-ddb5-4fa4-a97d-d965ccfc6d4b" outcome="Passed" testListId="8c84fa94-04c1-424b-9868-57a2d4851a1d" relativeResultsDirectory="799553d3-84ff-4e0e-98e7-8b0b6d5e51d0" />
    <UnitTestResult executionId="c0aaf159-1239-4797-815d-188a2629ad57" testId="2c1973a8-2520-7a44-6ed2-9a3c131183fc" testName="UpdateCostCenterCommandHandler_UpdatesExistingCenterWithoutChangingCode" computerName="localhost" duration="00:00:00.0009760" startTime="2026-09-21T20:30:47.3003890+03:00" endTime="2026-09-21T20:30:47.3013647+03:00" testType="13cdc9d9-ddb5-4fa4-a97d-d965ccfc6d4b" outcome="Passed" testListId="8c84fa94-04c1-424b-9868-57a2d4851a1d" relativeResultsDirectory="c0aaf159-1239-4797-815d-188a2629ad57" />
    <UnitTestResult executionId="51532978-e76b-467d-9e94-6c67eb6fcaad" testId="2b817459-1492-a667-c720-31952668f371" testName="AddLine_OnPostedJournal_ThrowsInvalidOperationException" computerName="localhost" duration="00:00:00.0004270" startTime="2026-09-21T20:30:47.3989263+03:00" endTime="2026-09-21T20:30:47.3993536+03:00" testType="13cdc9d9-ddb5-4fa4-a97d-d965ccfc6d4b" outcome="Passed" testListId="8c84fa94-04c1-424b-9868-57a2d4851a1d" relativeResultsDirectory="51532978-e76b-467d-9e94-6c67eb6fcaad" />
    <UnitTestResult executionId="33ef351a-f382-427f-982a-4d702c9a43eb" testId="52397c25-5554-501e-6904-be859317952c" testName="ExcludedSectionsHaveNoSpreadsheetEndpoints(&quot;supplier-accounts&quot;)" computerName="localhost" duration="00:00:00.0068610" startTime="2026-09-21T20:30:49.4520029+03:00" endTime="2026-09-21T20:30:49.4588630+03:00" testType="13cdc9d9-ddb5-4fa4-a97d-d965ccfc6d4b" outcome="Passed" testListId="8c84fa94-04c1-424b-9868-57a2d4851a1d" relativeResultsDirectory="33ef351a-f382-427f-982a-4d702c9a43eb" />
    <UnitTestResult executionId="d27066e0-b15d-4740-89a4-6bf7c3dcbe47" testId="483e3fb1-551a-8e10-f493-5d157a465f7e" testName="ExcludedSectionsHaveNoSpreadsheetEndpoints(&quot;customer-accounts&quot;)" computerName="localhost" duration="00:00:00.0097720" startTime="2026-09-21T20:30:49.4421911+03:00" endTime="2026-09-21T20:30:49.4519623+03:00" testType="13cdc9d9-ddb5-4fa4-a97d-d965ccfc6d4b" outcome="Passed" testListId="8c84fa94-04c1-424b-9868-57a2d4851a1d" relativeResultsDirectory="d27066e0-b15d-4740-89a4-6bf7c3dcbe47" />
    <UnitTestResult executionId="a286c4e4-4362-4f93-a9a8-fe1b4e608b7c" testId="b6026706-a0cc-44c2-717b-c360654672e4" testName="CreateJournalEntryCommandHandler_CreatesDraftJournalWithLines" computerName="localhost" duration="00:00:00.0119139" startTime="2026-09-21T20:30:47.3143149+03:00" endTime="2026-09-21T20:30:47.3262287+03:00" testType="13cdc9d9-ddb5-4fa4-a97d-d965ccfc6d4b" outcome="Passed" testListId="8c84fa94-04c1-424b-9868-57a2d4851a1d" relativeResultsDirectory="a286c4e4-4362-4f93-a9a8-fe1b4e608b7c" />
    <UnitTestResult executionId="cbbb7f81-da65-4b73-a24f-b1b676dc98f6" testId="30b92339-cfca-1b8d-3c03-9f736117d795" testName="MutableAggregateRoot_HasRowVersionConcurrencyToken(OAS.Domain.Accounting.Entities.PostingProfile)" computerName="localhost" duration="00:00:00.0002560" startTime="2026-09-21T20:30:48.1781377+03:00" endTime="2026-09-21T20:30:48.1783940+03:00" testType="13cdc9d9-ddb5-4fa4-a97d-d965ccfc6d4b" outcome="Passed" testListId="8c84fa94-04c1-424b-9868-57a2d4851a1d" relativeResultsDirectory="cbbb7f81-da65-4b73-a24f-b1b676dc98f6" />
    <UnitTestResult executionId="99bb8fda-9a67-448f-b2f6-9f835e7a62e4" testId="c51c6987-e860-299e-550c-0f31b51139f9" testName="Create_ValidPostingProfile_InitializesProperties" computerName="localhost" duration="00:00:00.0001950" startTime="2026-09-21T20:30:47.4035135+03:00" endTime="2026-09-21T20:30:47.4037082+03:00" testType="13cdc9d9-ddb5-4fa4-a97d-d965ccfc6d4b" outcome="Passed" testListId="8c84fa94-04c1-424b-9868-57a2d4851a1d" relativeResultsDirectory="99bb8fda-9a67-448f-b2f6-9f835e7a62e4" />
    <UnitTestResult executionId="9d50d1d0-67bc-4659-8c59-e2c26477621b" testId="bd8794ea-259e-c95f-44b3-4eccf9fe53f2" testName="Post_ChangesStatusToPostedAndSetsJournalEntryId" computerName="localhost" duration="00:00:00.0006030" startTime="2026-09-21T20:30:47.4027800+03:00" endTime="2026-09-21T20:30:47.4033829+03:00" testType="13cdc9d9-ddb5-4fa4-a97d-d965ccfc6d4b" outcome="Passed" testListId="8c84fa94-04c1-424b-9868-57a2d4851a1d" relativeResultsDirectory="9d50d1d0-67bc-4659-8c59-e2c26477621b" />
    <UnitTestResult executionId="d13d1c6b-f50c-4807-b540-ee549b91b19c" testId="f9e2298b-7c34-c947-05d7-e6978b4a4d99" testName="Create_ValidParameters_CreatesDraftJournal" computerName="localhost" duration="00:00:00.0002970" startTime="2026-09-21T20:30:47.3998855+03:00" endTime="2026-09-21T20:30:47.4001822+03:00" testType="13cdc9d9-ddb5-4fa4-a97d-d965ccfc6d4b" outcome="Passed" testListId="8c84fa94-04c1-424b-9868-57a2d4851a1d" relativeResultsDirectory="d13d1c6b-f50c-4807-b540-ee549b91b19c" />
    <UnitTestResult executionId="e56832e1-bd67-4e1d-a5fa-f85724ba3598" testId="71c17131-50db-1081-8302-e7e7f921d00f" testName="SetExpenseStatusCommandHandler_PostsExpenseAndSetsJournalEntry" computerName="localhost" duration="00:00:00.0019380" startTime="2026-09-21T20:30:47.3085136+03:00" endTime="2026-09-21T20:30:47.3104516+03:00" testType="13cdc9d9-ddb5-4fa4-a97d-d965ccfc6d4b" outcome="Passed" testListId="8c84fa94-04c1-424b-9868-57a2d4851a1d" relativeResultsDirectory="e56832e1-bd67-4e1d-a5fa-f85724ba3598" />
    <UnitTestResult executionId="9c3c917a-205d-4cc8-99c8-1f41d6c5ef47" testId="c54c23dd-4fdf-cca5-9970-e37f0db9e1d4" testName="MutableAggregateRoot_HasRowVersionConcurrencyToken(OAS.Domain.Accounting.Entities.CashShift)" computerName="localhost" duration="00:00:00.0011360" startTime="2026-09-21T20:30:48.1805010+03:00" endTime="2026-09-21T20:30:48.1816366+03:00" testType="13cdc9d9-ddb5-4fa4-a97d-d965ccfc6d4b" outcome="Passed" testListId="8c84fa94-04c1-424b-9868-57a2d4851a1d" relativeResultsDirectory="9c3c917a-205d-4cc8-99c8-1f41d6c5ef47" />
    <UnitTestResult executionId="d0155185-ec2e-475b-8e1a-67705b90856d" testId="387d4044-f52e-bab8-4b4b-9411cff287f1" testName="CreateFiscalYearCommandHandler_AddsFiscalYear" computerName="localhost" duration="00:00:00.0017090" startTime="2026-09-21T20:30:47.3106737+03:00" endTime="2026-09-21T20:30:47.3123821+03:00" testType="13cdc9d9-ddb5-4fa4-a97d-d965ccfc6d4b" outcome="Passed" testListId="8c84fa94-04c1-424b-9868-57a2d4851a1d" relativeResultsDirectory="d0155185-ec2e-475b-8e1a-67705b90856d" />
    <UnitTestResult executionId="db80d80f-a80e-4df2-9c26-44fd65eb7c51" testId="eabc93ec-8de0-561a-4d94-a08e5a75e224" testName="GetJournalEntryByIdQueryHandler_ReturnsDetailedDto" computerName="localhost" duration="00:00:00.0071000" startTime="2026-09-21T20:30:47.3262757+03:00" endTime="2026-09-21T20:30:47.3333758+03:00" testType="13cdc9d9-ddb5-4fa4-a97d-d965ccfc6d4b" outcome="Passed" testListId="8c84fa94-04c1-424b-9868-57a2d4851a1d" relativeResultsDirectory="db80d80f-a80e-4df2-9c26-44fd65eb7c51" />
    <UnitTestResult executionId="9e0dce68-61e9-4796-82c5-f893de44e4e4" testId="c318cbd7-3dd8-4c8b-7ea2-5d6a3602122b" testName="GetCostCenterByIdQueryHandler_ReturnsMappedDto" computerName="localhost" duration="00:00:00.0017970" startTime="2026-09-21T20:30:47.2970642+03:00" endTime="2026-09-21T20:30:47.2988614+03:00" testType="13cdc9d9-ddb5-4fa4-a97d-d965ccfc6d4b" outcome="Passed" testListId="8c84fa94-04c1-424b-9868-57a2d4851a1d" relativeResultsDirectory="9e0dce68-61e9-4796-82c5-f893de44e4e4" />
    <UnitTestResult executionId="05fb17f4-115d-4666-baa5-c0733e3ed175" testId="b357d227-9d65-29f7-b9fd-78077df54a91" testName="EveryExportSectionProducesHeadersEvenWithNoMatches(&quot;journals&quot;)" computerName="localhost" duration="00:00:00.0230220" startTime="2026-09-21T20:30:49.2744272+03:00" endTime="2026-09-21T20:30:49.2974484+03:00" testType="13cdc9d9-ddb5-4fa4-a97d-d965ccfc6d4b" outcome="Passed" testListId="8c84fa94-04c1-424b-9868-57a2d4851a1d" relativeResultsDirectory="05fb17f4-115d-4666-baa5-c0733e3ed175" />
    <UnitTestResult executionId="b891857a-9ea8-4aee-86bb-1e17736dc174" testId="eb801333-fbc5-83c7-ceee-aa3232938228" testName="UpdateBankAccountCommandHandler_ChangingAccountNumber_ThrowsConflictException" computerName="localhost" duration="00:00:00.0018040" startTime="2026-09-21T20:30:47.2771711+03:00" endTime="2026-09-21T20:30:47.2789753+03:00" testType="13cdc9d9-ddb5-4fa4-a97d-d965ccfc6d4b" outcome="Passed" testListId="8c84fa94-04c1-424b-9868-57a2d4851a1d" relativeResultsDirectory="b891857a-9ea8-4aee-86bb-1e17736dc174" />
    <UnitTestResult executionId="66e2cd94-4efb-48a4-b4d9-3c44b8070ff2" testId="d78c7b9d-46f6-3c54-20f9-ecef75b6dde2" testName="CreateReceiptVoucherCommandHandler_CreatesVoucherWithLines" computerName="localhost" duration="00:00:00.0032090" startTime="2026-09-21T20:30:47.3682643+03:00" endTime="2026-09-21T20:30:47.3714731+03:00" testType="13cdc9d9-ddb5-4fa4-a97d-d965ccfc6d4b" outcome="Passed" testListId="8c84fa94-04c1-424b-9868-57a2d4851a1d" relativeResultsDirectory="66e2cd94-4efb-48a4-b4d9-3c44b8070ff2" />
    <UnitTestResult executionId="ccad7677-e936-49a9-a0b2-008200c1b196" testId="4bbd2f4c-25d3-3ec4-2bd5-96c64a7b8556" testName="MutableAggregateRoot_HasRowVersionConcurrencyToken(OAS.Domain.Accounting.Entities.CostCenter)" computerName="localhost" duration="00:00:00.0002740" startTime="2026-09-21T20:30:48.1784029+03:00" endTime="2026-09-21T20:30:48.1786773+03:00" testType="13cdc9d9-ddb5-4fa4-a97d-d965ccfc6d4b" outcome="Passed" testListId="8c84fa94-04c1-424b-9868-57a2d4851a1d" relativeResultsDirectory="ccad7677-e936-49a9-a0b2-008200c1b196" />
    <UnitTestResult executionId="eeadacb9-ef6f-4b86-b45a-dd0816ea1aa5" testId="f1ae1d62-61a5-6ae8-68fd-12aac05bd2cd" testName="ExportOnlySectionsRejectTemplates(&quot;expenses&quot;)" computerName="localhost" duration="00:00:00.0064650" startTime="2026-09-21T20:30:49.5950358+03:00" endTime="2026-09-21T20:30:49.6015005+03:00" testType="13cdc9d9-ddb5-4fa4-a97d-d965ccfc6d4b" outcome="Passed" testListId="8c84fa94-04c1-424b-9868-57a2d4851a1d" relativeResultsDirectory="eeadacb9-ef6f-4b86-b45a-dd0816ea1aa5" />
    <UnitTestResult executionId="d6252e4e-adf5-47e7-b046-8e4dfd2a750c" testId="f5c20b7c-b475-aa85-dcd9-664f19700c2f" testName="CreatePaymentAllocationCommandHandler_WhenAmountExceedsAvailable_ThrowsConflictException" computerName="localhost" duration="00:00:00.0026870" startTime="2026-09-21T20:30:47.3492734+03:00" endTime="2026-09-21T20:30:47.3519599+03:00" testType="13cdc9d9-ddb5-4fa4-a97d-d965ccfc6d4b" outcome="Passed" testListId="8c84fa94-04c1-424b-9868-57a2d4851a1d" relativeResultsDirectory="d6252e4e-adf5-47e7-b046-8e4dfd2a750c" />
    <UnitTestResult executionId="432099bc-1216-4fdb-a453-d77ed013a1a1" testId="a3a33101-6b4f-bde2-5eca-49b684f651e7" testName="FiscalYear_ClosingWorkflow_TransitionsStatusCorrectly" computerName="localhost" duration="00:00:00.0004150" startTime="2026-09-21T20:30:47.3978847+03:00" endTime="2026-09-21T20:30:47.3982994+03:00" testType="13cdc9d9-ddb5-4fa4-a97d-d965ccfc6d4b" outcome="Passed" testListId="8c84fa94-04c1-424b-9868-57a2d4851a1d" relativeResultsDirectory="432099bc-1216-4fdb-a453-d77ed013a1a1" />
    <UnitTestResult executionId="e083c5d5-b1c3-4468-8e52-120550474671" testId="ec045be2-bb2d-30b9-4401-86c4c5a4eb55" testName="MutableAggregateRoot_HasRowVersionConcurrencyToken(OAS.Domain.Accounting.Entities.CashAccount)" computerName="localhost" duration="00:00:00.0002530" startTime="2026-09-21T20:30:48.1799299+03:00" endTime="2026-09-21T20:30:48.1801833+03:00" testType="13cdc9d9-ddb5-4fa4-a97d-d965ccfc6d4b" outcome="Passed" testListId="8c84fa94-04c1-424b-9868-57a2d4851a1d" relativeResultsDirectory="e083c5d5-b1c3-4468-8e52-120550474671" />
    <UnitTestResult executionId="2e4652f9-c4bb-43ca-b641-1d171fc8fb2c" testId="b4c26f25-0004-cd25-d1e0-6418f1e66f6d" testName="CreateCashAccountCommandHandler_CreatesCashAccount" computerName="localhost" duration="00:00:00.0016080" startTime="2026-09-21T20:30:47.2716327+03:00" endTime="2026-09-21T20:30:47.2732403+03:00" testType="13cdc9d9-ddb5-4fa4-a97d-d965ccfc6d4b" outcome="Passed" testListId="8c84fa94-04c1-424b-9868-57a2d4851a1d" relativeResultsDirectory="2e4652f9-c4bb-43ca-b641-1d171fc8fb2c" />
    <UnitTestResult executionId="fa7996ab-d2c1-427f-845f-9d7ff14e2ca9" testId="ccc7b884-d5a7-c901-34ee-dcedd87491d8" testName="AccountForwardParentResolvesAndLevelIsCalculated" computerName="localhost" duration="00:00:00.7267870" startTime="2026-09-21T20:30:48.1854469+03:00" endTime="2026-09-21T20:30:48.9122334+03:00" testType="13cdc9d9-ddb5-4fa4-a97d-d965ccfc6d4b" outcome="Passed" testListId="8c84fa94-04c1-424b-9868-57a2d4851a1d" relativeResultsDirectory="fa7996ab-d2c1-427f-845f-9d7ff14e2ca9" />
    <UnitTestResult executionId="b6164de2-0565-4773-993e-8433e3d420a1" testId="f89f889e-b1bd-6f7f-1a6c-4d785f63e2f5" testName="MutableAggregateRoot_HasRowVersionConcurrencyToken(OAS.Domain.Accounting.Entities.CustomerAccount)" computerName="localhost" duration="00:00:00.0002980" startTime="2026-09-21T20:30:48.1786861+03:00" endTime="2026-09-21T20:30:48.1789838+03:00" testType="13cdc9d9-ddb5-4fa4-a97d-d965ccfc6d4b" outcome="Passed" testListId="8c84fa94-04c1-424b-9868-57a2d4851a1d" relativeResultsDirectory="b6164de2-0565-4773-993e-8433e3d420a1" />
    <UnitTestResult executionId="9348a773-3561-4850-b12a-7e05da052074" testId="bb57243a-fd50-df9d-9b90-6d064cddedaa" testName="EveryExportSectionProducesHeadersEvenWithNoMatches(&quot;cash-accounts&quot;)" computerName="localhost" duration="00:00:00.0222750" startTime="2026-09-21T20:30:49.1920688+03:00" endTime="2026-09-21T20:30:49.2143434+03:00" testType="13cdc9d9-ddb5-4fa4-a97d-d965ccfc6d4b" outcome="Passed" testListId="8c84fa94-04c1-424b-9868-57a2d4851a1d" relativeResultsDirectory="9348a773-3561-4850-b12a-7e05da052074" />
    <UnitTestResult executionId="0bd4e43c-0357-4a89-8662-e27863cd5c98" testId="57348686-03d2-2dec-ac83-fa15f9dc18bb" testName="MutableAggregateRoot_HasRowVersionConcurrencyToken(OAS.Domain.Accounting.Entities.SupplierAccount)" computerName="localhost" duration="00:00:00.0002650" startTime="2026-09-21T20:30:48.1790127+03:00" endTime="2026-09-21T20:30:48.1792771+03:00" testType="13cdc9d9-ddb5-4fa4-a97d-d965ccfc6d4b" outcome="Passed" testListId="8c84fa94-04c1-424b-9868-57a2d4851a1d" relativeResultsDirectory="0bd4e43c-0357-4a89-8662-e27863cd5c98" />
    <UnitTestResult executionId="161d80c5-f03a-41ff-92a2-dc3282941cae" testId="269f37c9-68b1-bf48-8370-163034e41a95" testName="SetActive_TogglesStatus" computerName="localhost" duration="00:00:00.0001040" startTime="2026-09-21T20:30:47.3945033+03:00" endTime="2026-09-21T20:30:47.3946070+03:00" testType="13cdc9d9-ddb5-4fa4-a97d-d965ccfc6d4b" outcome="Passed" testListId="8c84fa94-04c1-424b-9868-57a2d4851a1d" relativeResultsDirectory="161d80c5-f03a-41ff-92a2-dc3282941cae" />
    <UnitTestResult executionId="8b53aa02-00d0-41fa-82c9-193005b79fee" testId="6a55491f-b4d2-69c6-23cd-4e6490aa820a" testName="EveryExportSectionProducesHeadersEvenWithNoMatches(&quot;fiscal-periods&quot;)" computerName="localhost" duration="00:00:00.0198810" startTime="2026-09-21T20:30:49.3180496+03:00" endTime="2026-09-21T20:30:49.3379307+03:00" testType="13cdc9d9-ddb5-4fa4-a97d-d965ccfc6d4b" outcome="Passed" testListId="8c84fa94-04c1-424b-9868-57a2d4851a1d" relativeResultsDirectory="8b53aa02-00d0-41fa-82c9-193005b79fee" />
    <UnitTestResult executionId="80681d47-b190-4ba6-925b-f21e3dbf3d3b" testId="5f7b5737-d96a-23c6-aa0b-2cdf9886621b" testName="Create_ValidExpense_InitializesDraftExpense" computerName="localhost" duration="00:00:00.0003970" startTime="2026-09-21T20:30:47.3951775+03:00" endTime="2026-09-21T20:30:47.3955744+03:00" testType="13cdc9d9-ddb5-4fa4-a97d-d965ccfc6d4b" outcome="Passed" testListId="8c84fa94-04c1-424b-9868-57a2d4851a1d" relativeResultsDirectory="80681d47-b190-4ba6-925b-f21e3dbf3d3b" />
    <UnitTestResult executionId="27ca6a50-9a61-4d7e-b869-322a6767617d" testId="104e65fc-e6a9-0ac4-81d8-3424e84bcc68" testName="EveryExportSectionProducesHeadersEvenWithNoMatches(&quot;accounts&quot;)" computerName="localhost" duration="00:00:00.0260310" startTime="2026-09-21T20:30:49.1465678+03:00" endTime="2026-09-21T20:30:49.1725986+03:00" testType="13cdc9d9-ddb5-4fa4-a97d-d965ccfc6d4b" outcome="Passed" testListId="8c84fa94-04c1-424b-9868-57a2d4851a1d" relativeResultsDirectory="27ca6a50-9a61-4d7e-b869-322a6767617d" />
    <UnitTestResult executionId="b10be507-e165-46bf-a7c5-2fb0be0c71db" testId="e99ce966-a6fe-e9a9-f276-7c5db1c66d44" testName="AccountingTabState_CompleteSave_TransitionsToViewMode" computerName="localhost" duration="00:00:00.0010570" startTime="2026-09-21T20:30:47.3834523+03:00" endTime="2026-09-21T20:30:47.3845094+03:00" testType="13cdc9d9-ddb5-4fa4-a97d-d965ccfc6d4b" outcome="Passed" testListId="8c84fa94-04c1-424b-9868-57a2d4851a1d" relativeResultsDirectory="b10be507-e165-46bf-a7c5-2fb0be0c71db" />
    <UnitTestResult executionId="dc2accd0-f9f9-469c-8abb-f0d5ff446e13" testId="89fa57a9-73b2-3824-c02b-f3ae64798966" testName="TemplateContainsDefinedSheetsAndNoGuids(&quot;posting-profiles&quot;)" computerName="localhost" duration="00:00:00.0170830" startTime="2026-09-21T20:30:49.9541934+03:00" endTime="2026-09-21T20:30:49.9712757+03:00" testType="13cdc9d9-ddb5-4fa4-a97d-d965ccfc6d4b" outcome="Passed" testListId="8c84fa94-04c1-424b-9868-57a2d4851a1d" relativeResultsDirectory="dc2accd0-f9f9-469c-8abb-f0d5ff446e13" />
    <UnitTestResult executionId="b961a815-39ca-41e1-85c1-4767c81c8737" testId="935f41d0-382b-da58-3a20-1a600048b7a3" testName="EveryExportSectionProducesHeadersEvenWithNoMatches(&quot;payment-allocations&quot;)" computerName="localhost" duration="00:00:00.0178200" startTime="2026-09-21T20:30:49.3814760+03:00" endTime="2026-09-21T20:30:49.3992955+03:00" testType="13cdc9d9-ddb5-4fa4-a97d-d965ccfc6d4b" outcome="Passed" testListId="8c84fa94-04c1-424b-9868-57a2d4851a1d" relativeResultsDirectory="b961a815-39ca-41e1-85c1-4767c81c8737" />
    <UnitTestResult executionId="aee4b56a-fbef-485f-a116-0c2f48906700" testId="6c7f8a80-1adb-cf64-14e6-93ef77c87dcb" testName="Cancel_DraftVoucher_SetsStatusToCancelled" computerName="localhost" duration="00:00:00.0003390" startTime="2026-09-21T20:30:47.4042530+03:00" endTime="2026-09-21T20:30:47.4045917+03:00" testType="13cdc9d9-ddb5-4fa4-a97d-d965ccfc6d4b" outcome="Passed" testListId="8c84fa94-04c1-424b-9868-57a2d4851a1d" relativeResultsDirectory="aee4b56a-fbef-485f-a116-0c2f48906700" />
    <UnitTestResult executionId="d8ff60bd-41ac-46be-8c57-914546df7ea8" testId="3f339f74-66a7-23fc-253d-f6f7f1066ee9" testName="Cancel_DraftPaymentVoucher_SetsStatusToCancelled" computerName="localhost" duration="00:00:00.0002480" startTime="2026-09-21T20:30:47.4012563+03:00" endTime="2026-09-21T20:30:47.4015042+03:00" testType="13cdc9d9-ddb5-4fa4-a97d-d965ccfc6d4b" outcome="Passed" testListId="8c84fa94-04c1-424b-9868-57a2d4851a1d" relativeResultsDirectory="d8ff60bd-41ac-46be-8c57-914546df7ea8" />
    <UnitTestResult executionId="f006c2ff-5991-49b9-bf6f-117700890493" testId="f427cd99-fef6-25e5-fe65-a05f20106f7b" testName="Create_ValidParameters_CreatesAccountWithCorrectProperties" computerName="localhost" duration="00:00:00.0017260" startTime="2026-09-21T20:30:47.3898928+03:00" endTime="2026-09-21T20:30:47.3916185+03:00" testType="13cdc9d9-ddb5-4fa4-a97d-d965ccfc6d4b" outcome="Passed" testListId="8c84fa94-04c1-424b-9868-57a2d4851a1d" relativeResultsDirectory="f006c2ff-5991-49b9-bf6f-117700890493" />
    <UnitTestResult executionId="3ef748ea-5bae-4583-9d3f-18a4de32f1ca" testId="803a9a59-bf0c-9c21-9ba4-4fdc1d5f2f3d" testName="SetJournalEntryStatusCommandHandler_PostsJournalSuccessfully" computerName="localhost" duration="00:00:00.0037000" startTime="2026-09-21T20:30:47.3381131+03:00" endTime="2026-09-21T20:30:47.3418125+03:00" testType="13cdc9d9-ddb5-4fa4-a97d-d965ccfc6d4b" outcome="Passed" testListId="8c84fa94-04c1-424b-9868-57a2d4851a1d" relativeResultsDirectory="3ef748ea-5bae-4583-9d3f-18a4de32f1ca" />
    <UnitTestResult executionId="9b396f28-0eb0-45c8-a753-bf6a83a4a7e0" testId="7ad84c72-de8d-e7c6-e3b2-324868694b26" testName="EveryExportSectionProducesHeadersEvenWithNoMatches(&quot;expense-types&quot;)" computerName="localhost" duration="00:00:00.0189090" startTime="2026-09-21T20:30:49.2347973+03:00" endTime="2026-09-21T20:30:49.2537059+03:00" testType="13cdc9d9-ddb5-4fa4-a97d-d965ccfc6d4b" outcome="Passed" testListId="8c84fa94-04c1-424b-9868-57a2d4851a1d" relativeResultsDirectory="9b396f28-0eb0-45c8-a753-bf6a83a4a7e0" />
    <UnitTestResult executionId="33a504ab-6790-4e59-be56-c6c1db2c5b91" testId="6ba0bd79-9a32-306e-ad6c-b36f96869e19" testName="TemplateContainsDefinedSheetsAndNoGuids(&quot;cash-accounts&quot;)" computerName="localhost" duration="00:00:00.0147210" startTime="2026-09-21T20:30:49.9058077+03:00" endTime="2026-09-21T20:30:49.9205284+03:00" testType="13cdc9d9-ddb5-4fa4-a97d-d965ccfc6d4b" outcome="Passed" testListId="8c84fa94-04c1-424b-9868-57a2d4851a1d" relativeResultsDirectory="33a504ab-6790-4e59-be56-c6c1db2c5b91" />
    <UnitTestResult executionId="7298eb37-6862-495b-bace-b671771b6f24" testId="e5e739d7-94aa-140c-c94d-41f746da6f37" testName="UpdateCostCenterCommandHandler_ChangingCode_ThrowsConflictException" computerName="localhost" duration="00:00:00.0015050" startTime="2026-09-21T20:30:47.2988732+03:00" endTime="2026-09-21T20:30:47.3003777+03:00" testType="13cdc9d9-ddb5-4fa4-a97d-d965ccfc6d4b" outcome="Passed" testListId="8c84fa94-04c1-424b-9868-57a2d4851a1d" relativeResultsDirectory="7298eb37-6862-495b-bace-b671771b6f24" />
    <UnitTestResult executionId="0680888b-2117-427c-bbac-51f227a53a74" testId="b1ff245a-1e17-8906-6bcf-a422b8f084a4" testName="Workspace_InitializesWithDefaultAccountsTab" computerName="localhost" duration="00:00:00.0008870" startTime="2026-09-21T20:30:47.3874078+03:00" endTime="2026-09-21T20:30:47.3882947+03:00" testType="13cdc9d9-ddb5-4fa4-a97d-d965ccfc6d4b" outcome="Passed" testListId="8c84fa94-04c1-424b-9868-57a2d4851a1d" relativeResultsDirectory="0680888b-2117-427c-bbac-51f227a53a74" />
    <UnitTestResult executionId="ad7cea42-88d4-42d7-bd4e-88c39a14b34f" testId="975809a5-2448-71ac-dd5e-af3aefa8e0ba" testName="Post_ApprovedExpense_SetsStatusToPosted" computerName="localhost" duration="00:00:00.0004710" startTime="2026-09-21T20:30:47.3955869+03:00" endTime="2026-09-21T20:30:47.3960579+03:00" testType="13cdc9d9-ddb5-4fa4-a97d-d965ccfc6d4b" outcome="Passed" testListId="8c84fa94-04c1-424b-9868-57a2d4851a1d" relativeResultsDirectory="ad7cea42-88d4-42d7-bd4e-88c39a14b34f" />
    <UnitTestResult executionId="f59dbfde-7b28-4d69-ad84-5b202e4aec9c" testId="73cd134a-37ba-1b9a-fa03-11f3a0e139ef" testName="UpdatePaymentAllocationCommandHandler_WhenAmountExceedsAvailable_ThrowsConflictException" computerName="localhost" duration="00:00:00.0011940" startTime="2026-09-21T20:30:47.3567830+03:00" endTime="2026-09-21T20:30:47.3579769+03:00" testType="13cdc9d9-ddb5-4fa4-a97d-d965ccfc6d4b" outcome="Passed" testListId="8c84fa94-04c1-424b-9868-57a2d4851a1d" relativeResultsDirectory="f59dbfde-7b28-4d69-ad84-5b202e4aec9c" />
    <UnitTestResult executionId="0cd1c76f-12fc-45f0-b3d3-8925abb8b8c0" testId="830800e5-7c22-a572-ef2d-d355335d9359" testName="CreatePaymentAllocationCommandHandler_CreatesAllocationWithinAvailableAmount" computerName="localhost" duration="00:00:00.0062400" startTime="2026-09-21T20:30:47.3420733+03:00" endTime="2026-09-21T20:30:47.3483135+03:00" testType="13cdc9d9-ddb5-4fa4-a97d-d965ccfc6d4b" outcome="Passed" testListId="8c84fa94-04c1-424b-9868-57a2d4851a1d" relativeResultsDirectory="0cd1c76f-12fc-45f0-b3d3-8925abb8b8c0" />
    <UnitTestResult executionId="be2ca418-e62a-4b7f-b815-5423953f3be0" testId="78bb37d9-0d01-2690-5a9b-7b86d7873341" testName="AllAccountingControllers_ActionMethods_HaveHttpVerbAttributes" computerName="localhost" duration="00:00:00.0062030" startTime="2026-09-21T20:30:47.2229911+03:00" endTime="2026-09-21T20:30:47.2291501+03:00" testType="13cdc9d9-ddb5-4fa4-a97d-d965ccfc6d4b" outcome="Passed" testListId="8c84fa94-04c1-424b-9868-57a2d4851a1d" relativeResultsDirectory="be2ca418-e62a-4b7f-b815-5423953f3be0" />
    <UnitTestResult executionId="abc865cf-605c-4637-b817-8792ea4066a3" testId="09be9045-8e36-41de-be31-ebc94e138616" testName="GetPostingProfileByIdQueryHandler_ReturnsDto" computerName="localhost" duration="00:00:00.0034660" startTime="2026-09-21T20:30:47.3609379+03:00" endTime="2026-09-21T20:30:47.3644038+03:00" testType="13cdc9d9-ddb5-4fa4-a97d-d965ccfc6d4b" outcome="Passed" testListId="8c84fa94-04c1-424b-9868-57a2d4851a1d" relativeResultsDirectory="abc865cf-605c-4637-b817-8792ea4066a3" />
[...]
    <TestEntry testId="d76654a6-4a52-069f-2e77-371d9cedfef0" executionId="6b77553e-56ec-467b-ae78-226ea788510f" testListId="8c84fa94-04c1-424b-9868-57a2d4851a1d" />
    <TestEntry testId="a5c40699-558c-de43-24c1-180f907fd9f1" executionId="7cb44e63-bed0-4023-8666-dd924f3c5284" testListId="8c84fa94-04c1-424b-9868-57a2d4851a1d" />
    <TestEntry testId="0f1098de-cca6-c828-0ab3-9b5de9f92acb" executionId="7ef83597-f5da-4807-afa6-ac7769d42f54" testListId="8c84fa94-04c1-424b-9868-57a2d4851a1d" />
    <TestEntry testId="b06400f4-2b73-00b4-bd24-6f7686a191e4" executionId="41f0172b-f469-4e2e-98f7-480bee1d90c6" testListId="8c84fa94-04c1-424b-9868-57a2d4851a1d" />
    <TestEntry testId="52e07e27-489b-1f24-4106-dbf98af5e100" executionId="209e6a38-e14e-45b1-8a60-5bd70f2baef3" testListId="8c84fa94-04c1-424b-9868-57a2d4851a1d" />
    <TestEntry testId="e4595cda-2cfe-fd13-370e-2b4de6421a5a" executionId="cfae16f2-e711-4cbf-98be-55fcd9abdb9d" testListId="8c84fa94-04c1-424b-9868-57a2d4851a1d" />
    <TestEntry testId="da3a03e8-6bce-8cf4-d526-4540655026bf" executionId="e4784474-6045-4610-bded-7a187dc70720" testListId="8c84fa94-04c1-424b-9868-57a2d4851a1d" />
    <TestEntry testId="4d1df4fe-8ef5-8c65-e165-58b9cbaa8e6d" executionId="a568ed65-b38f-478d-b9ab-a773412e2b48" testListId="8c84fa94-04c1-424b-9868-57a2d4851a1d" />
    <TestEntry testId="4015f41b-4364-93e2-429d-a82c0b90831d" executionId="102f3406-4465-48a9-8c3c-bc6de798984a" testListId="8c84fa94-04c1-424b-9868-57a2d4851a1d" />
    <TestEntry testId="039aff4d-0212-fc05-b2e0-aef5f9755bb7" executionId="4fcbe85f-4d4c-4f3f-8545-c27031b5f120" testListId="8c84fa94-04c1-424b-9868-57a2d4851a1d" />
    <TestEntry testId="f864070f-be7f-5e78-c687-54dc9003114d" executionId="d2603f95-2d1e-4142-8033-9e320dbbe302" testListId="8c84fa94-04c1-424b-9868-57a2d4851a1d" />
    <TestEntry testId="fb31ce27-c262-eab4-59b8-1d8549c02c09" executionId="d8cc786c-cbdf-4d9c-8d11-92513378ea1e" testListId="8c84fa94-04c1-424b-9868-57a2d4851a1d" />
    <TestEntry testId="a9c5c434-78e6-e815-282c-8ea4c0ff6080" executionId="cc2caa45-72a6-44ee-8466-c226f86b3b13" testListId="8c84fa94-04c1-424b-9868-57a2d4851a1d" />
    <TestEntry testId="006e7288-e86e-f7e9-fa50-d6d77fed3c0e" executionId="72a38fbd-18be-420c-80fb-df9b3da33d27" testListId="8c84fa94-04c1-424b-9868-57a2d4851a1d" />
    <TestEntry testId="0510c8ca-3f5d-7b00-13a6-23662654c9b8" executionId="5d59130c-9081-4c64-8a7e-b9c7ab48d9b9" testListId="8c84fa94-04c1-424b-9868-57a2d4851a1d" />
    <TestEntry testId="66bb5bad-62fe-e1e5-052e-148ae35bdcad" executionId="7a35a2ae-670d-4c16-9ac3-8ae581ae04ee" testListId="8c84fa94-04c1-424b-9868-57a2d4851a1d" />
    <TestEntry testId="2bcf3c56-3e18-0a8a-12cd-d8720e68bd5f" executionId="da7f1939-19d6-4003-b9f1-3fbeaa79d062" testListId="8c84fa94-04c1-424b-9868-57a2d4851a1d" />
    <TestEntry testId="70c66e54-4b75-b0d6-2f12-f542f13b9bc8" executionId="f9155c05-a55a-4cb6-ad98-76d7e98051c4" testListId="8c84fa94-04c1-424b-9868-57a2d4851a1d" />
    <TestEntry testId="90a2e6b6-d90e-9184-8f6b-38d1477b123e" executionId="832aa360-9e42-4361-b4d3-d3c269b9689a" testListId="8c84fa94-04c1-424b-9868-57a2d4851a1d" />
    <TestEntry testId="92f98178-8283-a9e8-fbb9-e79592ee2063" executionId="953725b4-a6bc-488d-b875-dcdfafa3047d" testListId="8c84fa94-04c1-424b-9868-57a2d4851a1d" />
    <TestEntry testId="c0682390-0926-2d36-f9ec-edab82c8577f" executionId="f7e4b7c6-0d34-4624-9b3f-6cf5b7353b40" testListId="8c84fa94-04c1-424b-9868-57a2d4851a1d" />
    <TestEntry testId="48cbc055-d84c-869a-2b6c-51d2aff25663" executionId="93d01926-4179-424d-b0d5-dad3c781953f" testListId="8c84fa94-04c1-424b-9868-57a2d4851a1d" />
    <TestEntry testId="5836d028-0c64-728c-31f9-4818a10180a8" executionId="f4d39ab3-8133-4939-a2d7-8a702f495e3e" testListId="8c84fa94-04c1-424b-9868-57a2d4851a1d" />
    <TestEntry testId="b153eff2-a8d8-c23c-2f7a-634e44d1c77f" executionId="909c80d6-e50d-4078-be84-57d0ea915276" testListId="8c84fa94-04c1-424b-9868-57a2d4851a1d" />
    <TestEntry testId="5e2cc5f0-2395-dcac-dec2-196e4eccecfc" executionId="6df814c1-431b-42a2-afdd-a23d5ec1e839" testListId="8c84fa94-04c1-424b-9868-57a2d4851a1d" />
    <TestEntry testId="9ffd06f6-3651-fe69-7724-92e8a5dbd2b8" executionId="e12c9232-73ca-4a23-806b-e967c37acf93" testListId="8c84fa94-04c1-424b-9868-57a2d4851a1d" />
    <TestEntry testId="6b1e6bac-b625-e1dd-68a8-cd9329a7cf36" executionId="4e0ccdae-2dd9-4b57-a177-989a9905d67a" testListId="8c84fa94-04c1-424b-9868-57a2d4851a1d" />
    <TestEntry testId="fe613fb7-d3c1-08ef-c6e0-a11258271181" executionId="fedab55a-4f43-4be9-b6f8-d4a8e0b4ce4b" testListId="8c84fa94-04c1-424b-9868-57a2d4851a1d" />
    <TestEntry testId="1629c251-4f8c-ebcb-4080-77a588ca1c19" executionId="fd3afeae-dac7-4ba5-b2f8-48a76f048a58" testListId="8c84fa94-04c1-424b-9868-57a2d4851a1d" />
    <TestEntry testId="94053617-bc3b-bbb5-b609-6f2279674884" executionId="5f5078ab-80ce-4e8f-9ca8-778c0f0131dd" testListId="8c84fa94-04c1-424b-9868-57a2d4851a1d" />
    <TestEntry testId="80655082-2f92-e6ff-7511-50ce3241f6cf" executionId="6e97e65c-0ea0-49f0-9826-6fb10e2e87f1" testListId="8c84fa94-04c1-424b-9868-57a2d4851a1d" />
    <TestEntry testId="15aac0fd-b317-4810-4c66-fa4864610546" executionId="b49154a6-86ae-42ad-87d1-d3547383c570" testListId="8c84fa94-04c1-424b-9868-57a2d4851a1d" />
    <TestEntry testId="002d88de-831f-e549-570b-294b67bb2344" executionId="7f622764-48ee-40a2-b5f2-0fa319d844c1" testListId="8c84fa94-04c1-424b-9868-57a2d4851a1d" />
    <TestEntry testId="9cca546b-c256-89bf-0b6b-eff8d44b52dc" executionId="5ea3ed07-22dd-44c3-9059-5351f7f8c9ef" testListId="8c84fa94-04c1-424b-9868-57a2d4851a1d" />
    <TestEntry testId="d5bc1b82-f805-af04-82d3-4131a8270164" executionId="8bd1afe5-6004-47b8-a961-18499c44aafc" testListId="8c84fa94-04c1-424b-9868-57a2d4851a1d" />
    <TestEntry testId="1b19147c-c296-25e8-dee3-a46fa55b0c7c" executionId="51840862-d2d4-4a4f-8d52-3ddab6465412" testListId="8c84fa94-04c1-424b-9868-57a2d4851a1d" />
    <TestEntry testId="117ff2ff-eb2c-f4b7-2732-bacf6deb0424" executionId="fae01093-87fb-44c5-b670-c4e9e2d8e4ec" testListId="8c84fa94-04c1-424b-9868-57a2d4851a1d" />
    <TestEntry testId="fa254332-238c-b068-45ae-f101b0cc30fc" executionId="05906e4c-412a-4f2b-8085-03c256e9f181" testListId="8c84fa94-04c1-424b-9868-57a2d4851a1d" />
    <TestEntry testId="f8f59b27-d83f-f420-2cc0-907ca2490c9c" executionId="e5259778-b1b8-47b9-a05b-44784709e6c2" testListId="8c84fa94-04c1-424b-9868-57a2d4851a1d" />
    <TestEntry testId="51a72ee5-775a-5a9a-34fc-f269e990951a" executionId="aa08d001-f658-4f3e-bb2a-f811edf0ace9" testListId="8c84fa94-04c1-424b-9868-57a2d4851a1d" />
    <TestEntry testId="8b382371-4d5f-4a8f-cef8-1cb2f10b05ef" executionId="e88e6375-22c8-4341-959e-a029efeb8032" testListId="8c84fa94-04c1-424b-9868-57a2d4851a1d" />
    <TestEntry testId="1fc6627b-9e6e-e8af-b2f8-4bd884ea260a" executionId="3fabc78e-5198-4047-a676-5f36f3d3c65f" testListId="8c84fa94-04c1-424b-9868-57a2d4851a1d" />
    <TestEntry testId="886b5eb8-5699-6327-e29c-d7b88f8d804c" executionId="90aad51b-0127-4079-8914-65cc741c7679" testListId="8c84fa94-04c1-424b-9868-57a2d4851a1d" />
    <TestEntry testId="88a352a4-32d3-2ef3-cdf9-42e2457e80ed" executionId="49a1454d-4145-41a7-92bb-66f0e5a9f4a6" testListId="8c84fa94-04c1-424b-9868-57a2d4851a1d" />
    <TestEntry testId="06b02c94-1ba2-9296-6404-e527627c6c5e" executionId="2617945a-5a00-4308-b01e-220d9fd39201" testListId="8c84fa94-04c1-424b-9868-57a2d4851a1d" />
    <TestEntry testId="2e9eaf83-b896-1618-c02e-0edda4f19301" executionId="90cc7e3b-4198-438f-b0bd-5f4527697e20" testListId="8c84fa94-04c1-424b-9868-57a2d4851a1d" />
    <TestEntry testId="009c3ccd-e075-2816-86f3-7c81185390c7" executionId="23f2db81-efe1-46b2-8584-c3a6424ff4b9" testListId="8c84fa94-04c1-424b-9868-57a2d4851a1d" />
    <TestEntry testId="5ad162f0-4a85-8b3b-fa26-05698c5a46ec" executionId="91bc2641-acc2-4eae-bcc8-4da34ccb24d5" testListId="8c84fa94-04c1-424b-9868-57a2d4851a1d" />
    <TestEntry testId="6d8ed17e-f855-673a-7fb3-6904b9ba4207" executionId="3833e30f-08e6-4c33-a644-bd67926360c9" testListId="8c84fa94-04c1-424b-9868-57a2d4851a1d" />
    <TestEntry testId="2e3884ca-1867-e049-7f3a-2d485dbe8060" executionId="abcb8d51-f1ac-4207-8619-0848f7ba8071" testListId="8c84fa94-04c1-424b-9868-57a2d4851a1d" />
    <TestEntry testId="caaf2421-c83c-5b30-8734-b1d4738930e2" executionId="3d920390-7d9b-44a6-8f64-ec191a8ccd06" testListId="8c84fa94-04c1-424b-9868-57a2d4851a1d" />
    <TestEntry testId="5de5c92b-43f6-ded3-a7e4-355587c6ee38" executionId="de7d5765-f428-49da-a1e3-ec4a4bcc41b1" testListId="8c84fa94-04c1-424b-9868-57a2d4851a1d" />
    <TestEntry testId="37f8ea76-272e-6dae-23c5-4517a5c0c387" executionId="576bc09e-3193-482f-ae44-070b1ecea164" testListId="8c84fa94-04c1-424b-9868-57a2d4851a1d" />
    <TestEntry testId="3f3bef3e-c860-2fbb-018c-0a4d9314589b" executionId="78589182-b782-46f2-b017-fedacd1079e1" testListId="8c84fa94-04c1-424b-9868-57a2d4851a1d" />
    <TestEntry testId="4432792e-845a-f531-e6ab-09bb557b551d" executionId="38d760cb-998a-41b2-827e-8f7855892e73" testListId="8c84fa94-04c1-424b-9868-57a2d4851a1d" />
    <TestEntry testId="a32438e5-3e68-fb0c-4e51-627f7390a13d" executionId="d6178cc7-d3be-4b27-9653-61e955bbc0ff" testListId="8c84fa94-04c1-424b-9868-57a2d4851a1d" />
    <TestEntry testId="470716cf-1980-bcb4-ddcf-50f1664b7f4b" executionId="6a8774f4-26ba-4bbf-af92-d3369511b03f" testListId="8c84fa94-04c1-424b-9868-57a2d4851a1d" />
    <TestEntry testId="e316013a-dfde-5e01-0585-ba4dfde36770" executionId="276e5198-29b0-43d1-8f9a-22d520a05e4d" testListId="8c84fa94-04c1-424b-9868-57a2d4851a1d" />
    <TestEntry testId="16b521e0-a464-24b2-5b70-b0465b320b20" executionId="ab93f1e5-f267-443d-894b-380fc87a73e7" testListId="8c84fa94-04c1-424b-9868-57a2d4851a1d" />
    <TestEntry testId="115c9b7b-fb14-75cd-5d79-55d15f85c8b5" executionId="799553d3-84ff-4e0e-98e7-8b0b6d5e51d0" testListId="8c84fa94-04c1-424b-9868-57a2d4851a1d" />
    <TestEntry testId="2c1973a8-2520-7a44-6ed2-9a3c131183fc" executionId="c0aaf159-1239-4797-815d-188a2629ad57" testListId="8c84fa94-04c1-424b-9868-57a2d4851a1d" />
    <TestEntry testId="2b817459-1492-a667-c720-31952668f371" executionId="51532978-e76b-467d-9e94-6c67eb6fcaad" testListId="8c84fa94-04c1-424b-9868-57a2d4851a1d" />
    <TestEntry testId="52397c25-5554-501e-6904-be859317952c" executionId="33ef351a-f382-427f-982a-4d702c9a43eb" testListId="8c84fa94-04c1-424b-9868-57a2d4851a1d" />
    <TestEntry testId="483e3fb1-551a-8e10-f493-5d157a465f7e" executionId="d27066e0-b15d-4740-89a4-6bf7c3dcbe47" testListId="8c84fa94-04c1-424b-9868-57a2d4851a1d" />
    <TestEntry testId="b6026706-a0cc-44c2-717b-c360654672e4" executionId="a286c4e4-4362-4f93-a9a8-fe1b4e608b7c" testListId="8c84fa94-04c1-424b-9868-57a2d4851a1d" />
    <TestEntry testId="30b92339-cfca-1b8d-3c03-9f736117d795" executionId="cbbb7f81-da65-4b73-a24f-b1b676dc98f6" testListId="8c84fa94-04c1-424b-9868-57a2d4851a1d" />
    <TestEntry testId="c51c6987-e860-299e-550c-0f31b51139f9" executionId="99bb8fda-9a67-448f-b2f6-9f835e7a62e4" testListId="8c84fa94-04c1-424b-9868-57a2d4851a1d" />
    <TestEntry testId="bd8794ea-259e-c95f-44b3-4eccf9fe53f2" executionId="9d50d1d0-67bc-4659-8c59-e2c26477621b" testListId="8c84fa94-04c1-424b-9868-57a2d4851a1d" />
    <TestEntry testId="f9e2298b-7c34-c947-05d7-e6978b4a4d99" executionId="d13d1c6b-f50c-4807-b540-ee549b91b19c" testListId="8c84fa94-04c1-424b-9868-57a2d4851a1d" />
    <TestEntry testId="71c17131-50db-1081-8302-e7e7f921d00f" executionId="e56832e1-bd67-4e1d-a5fa-f85724ba3598" testListId="8c84fa94-04c1-424b-9868-57a2d4851a1d" />
    <TestEntry testId="c54c23dd-4fdf-cca5-9970-e37f0db9e1d4" executionId="9c3c917a-205d-4cc8-99c8-1f41d6c5ef47" testListId="8c84fa94-04c1-424b-9868-57a2d4851a1d" />
    <TestEntry testId="387d4044-f52e-bab8-4b4b-9411cff287f1" executionId="d0155185-ec2e-475b-8e1a-67705b90856d" testListId="8c84fa94-04c1-424b-9868-57a2d4851a1d" />
    <TestEntry testId="eabc93ec-8de0-561a-4d94-a08e5a75e224" executionId="db80d80f-a80e-4df2-9c26-44fd65eb7c51" testListId="8c84fa94-04c1-424b-9868-57a2d4851a1d" />
    <TestEntry testId="c318cbd7-3dd8-4c8b-7ea2-5d6a3602122b" executionId="9e0dce68-61e9-4796-82c5-f893de44e4e4" testListId="8c84fa94-04c1-424b-9868-57a2d4851a1d" />
    <TestEntry testId="b357d227-9d65-29f7-b9fd-78077df54a91" executionId="05fb17f4-115d-4666-baa5-c0733e3ed175" testListId="8c84fa94-04c1-424b-9868-57a2d4851a1d" />
    <TestEntry testId="eb801333-fbc5-83c7-ceee-aa3232938228" executionId="b891857a-9ea8-4aee-86bb-1e17736dc174" testListId="8c84fa94-04c1-424b-9868-57a2d4851a1d" />
    <TestEntry testId="d78c7b9d-46f6-3c54-20f9-ecef75b6dde2" executionId="66e2cd94-4efb-48a4-b4d9-3c44b8070ff2" testListId="8c84fa94-04c1-424b-9868-57a2d4851a1d" />
    <TestEntry testId="4bbd2f4c-25d3-3ec4-2bd5-96c64a7b8556" executionId="ccad7677-e936-49a9-a0b2-008200c1b196" testListId="8c84fa94-04c1-424b-9868-57a2d4851a1d" />
    <TestEntry testId="f1ae1d62-61a5-6ae8-68fd-12aac05bd2cd" executionId="eeadacb9-ef6f-4b86-b45a-dd0816ea1aa5" testListId="8c84fa94-04c1-424b-9868-57a2d4851a1d" />
    <TestEntry testId="f5c20b7c-b475-aa85-dcd9-664f19700c2f" executionId="d6252e4e-adf5-47e7-b046-8e4dfd2a750c" testListId="8c84fa94-04c1-424b-9868-57a2d4851a1d" />
    <TestEntry testId="a3a33101-6b4f-bde2-5eca-49b684f651e7" executionId="432099bc-1216-4fdb-a453-d77ed013a1a1" testListId="8c84fa94-04c1-424b-9868-57a2d4851a1d" />
    <TestEntry testId="ec045be2-bb2d-30b9-4401-86c4c5a4eb55" executionId="e083c5d5-b1c3-4468-8e52-120550474671" testListId="8c84fa94-04c1-424b-9868-57a2d4851a1d" />
    <TestEntry testId="b4c26f25-0004-cd25-d1e0-6418f1e66f6d" executionId="2e4652f9-c4bb-43ca-b641-1d171fc8fb2c" testListId="8c84fa94-04c1-424b-9868-57a2d4851a1d" />
    <TestEntry testId="ccc7b884-d5a7-c901-34ee-dcedd87491d8" executionId="fa7996ab-d2c1-427f-845f-9d7ff14e2ca9" testListId="8c84fa94-04c1-424b-9868-57a2d4851a1d" />
    <TestEntry testId="f89f889e-b1bd-6f7f-1a6c-4d785f63e2f5" executionId="b6164de2-0565-4773-993e-8433e3d420a1" testListId="8c84fa94-04c1-424b-9868-57a2d4851a1d" />
    <TestEntry testId="bb57243a-fd50-df9d-9b90-6d064cddedaa" executionId="9348a773-3561-4850-b12a-7e05da052074" testListId="8c84fa94-04c1-424b-9868-57a2d4851a1d" />
    <TestEntry testId="57348686-03d2-2dec-ac83-fa15f9dc18bb" executionId="0bd4e43c-0357-4a89-8662-e27863cd5c98" testListId="8c84fa94-04c1-424b-9868-57a2d4851a1d" />
    <TestEntry testId="269f37c9-68b1-bf48-8370-163034e41a95" executionId="161d80c5-f03a-41ff-92a2-dc3282941cae" testListId="8c84fa94-04c1-424b-9868-57a2d4851a1d" />
    <TestEntry testId="6a55491f-b4d2-69c6-23cd-4e6490aa820a" executionId="8b53aa02-00d0-41fa-82c9-193005b79fee" testListId="8c84fa94-04c1-424b-9868-57a2d4851a1d" />
    <TestEntry testId="5f7b5737-d96a-23c6-aa0b-2cdf9886621b" executionId="80681d47-b190-4ba6-925b-f21e3dbf3d3b" testListId="8c84fa94-04c1-424b-9868-57a2d4851a1d" />
    <TestEntry testId="104e65fc-e6a9-0ac4-81d8-3424e84bcc68" executionId="27ca6a50-9a61-4d7e-b869-322a6767617d" testListId="8c84fa94-04c1-424b-9868-57a2d4851a1d" />
    <TestEntry testId="e99ce966-a6fe-e9a9-f276-7c5db1c66d44" executionId="b10be507-e165-46bf-a7c5-2fb0be0c71db" testListId="8c84fa94-04c1-424b-9868-57a2d4851a1d" />
    <TestEntry testId="89fa57a9-73b2-3824-c02b-f3ae64798966" executionId="dc2accd0-f9f9-469c-8abb-f0d5ff446e13" testListId="8c84fa94-04c1-424b-9868-57a2d4851a1d" />
    <TestEntry testId="935f41d0-382b-da58-3a20-1a600048b7a3" executionId="b961a815-39ca-41e1-85c1-4767c81c8737" testListId="8c84fa94-04c1-424b-9868-57a2d4851a1d" />
    <TestEntry testId="6c7f8a80-1adb-cf64-14e6-93ef77c87dcb" executionId="aee4b56a-fbef-485f-a116-0c2f48906700" testListId="8c84fa94-04c1-424b-9868-57a2d4851a1d" />
    <TestEntry testId="3f339f74-66a7-23fc-253d-f6f7f1066ee9" executionId="d8ff60bd-41ac-46be-8c57-914546df7ea8" testListId="8c84fa94-04c1-424b-9868-57a2d4851a1d" />
    <TestEntry testId="f427cd99-fef6-25e5-fe65-a05f20106f7b" executionId="f006c2ff-5991-49b9-bf6f-117700890493" testListId="8c84fa94-04c1-424b-9868-57a2d4851a1d" />
    <TestEntry testId="803a9a59-bf0c-9c21-9ba4-4fdc1d5f2f3d" executionId="3ef748ea-5bae-4583-9d3f-18a4de32f1ca" testListId="8c84fa94-04c1-424b-9868-57a2d4851a1d" />
    <TestEntry testId="7ad84c72-de8d-e7c6-e3b2-324868694b26" executionId="9b396f28-0eb0-45c8-a753-bf6a83a4a7e0" testListId="8c84fa94-04c1-424b-9868-57a2d4851a1d" />
    <TestEntry testId="6ba0bd79-9a32-306e-ad6c-b36f96869e19" executionId="33a504ab-6790-4e59-be56-c6c1db2c5b91" testListId="8c84fa94-04c1-424b-9868-57a2d4851a1d" />
    <TestEntry testId="e5e739d7-94aa-140c-c94d-41f746da6f37" executionId="7298eb37-6862-495b-bace-b671771b6f24" testListId="8c84fa94-04c1-424b-9868-57a2d4851a1d" />
    <TestEntry testId="b1ff245a-1e17-8906-6bcf-a422b8f084a4" executionId="0680888b-2117-427c-bbac-51f227a53a74" testListId="8c84fa94-04c1-424b-9868-57a2d4851a1d" />
    <TestEntry testId="975809a5-2448-71ac-dd5e-af3aefa8e0ba" executionId="ad7cea42-88d4-42d7-bd4e-88c39a14b34f" testListId="8c84fa94-04c1-424b-9868-57a2d4851a1d" />
    <TestEntry testId="73cd134a-37ba-1b9a-fa03-11f3a0e139ef" executionId="f59dbfde-7b28-4d69-ad84-5b202e4aec9c" testListId="8c84fa94-04c1-424b-9868-57a2d4851a1d" />
    <TestEntry testId="830800e5-7c22-a572-ef2d-d355335d9359" executionId="0cd1c76f-12fc-45f0-b3d3-8925abb8b8c0" testListId="8c84fa94-04c1-424b-9868-57a2d4851a1d" />
    <TestEntry testId="78bb37d9-0d01-2690-5a9b-7b86d7873341" executionId="be2ca418-e62a-4b7f-b815-5423953f3be0" testListId="8c84fa94-04c1-424b-9868-57a2d4851a1d" />
    <TestEntry testId="09be9045-8e36-41de-be31-ebc94e138616" executionId="abc865cf-605c-4637-b817-8792ea4066a3" testListId="8c84fa94-04c1-424b-9868-57a2d4851a1d" />
    <TestEntry testId="d4b76bbf-5ee5-e37a-3678-a0086c728b9e" executionId="81f1d379-b7b6-43e4-be47-5b69cad15c91" testListId="8c84fa94-04c1-424b-9868-57a2d4851a1d" />
    <TestEntry testId="99fea547-61fe-b869-473b-9f7b7a668983" executionId="b4c4a13f-b973-4885-a5e3-63dd611258aa" testListId="8c84fa94-04c1-424b-9868-57a2d4851a1d" />
    <TestEntry testId="887f6750-7bf5-a0e1-dc0b-7fca5df651b1" executionId="8639dae2-6387-4628-9d5e-27ea87c885d0" testListId="8c84fa94-04c1-424b-9868-57a2d4851a1d" />
    <TestEntry testId="03066d13-1a3e-248c-dc10-b25e14ae86d8" executionId="1acf467c-e9af-40c6-9dbd-057b05f2b4b2" testListId="8c84fa94-04c1-424b-9868-57a2d4851a1d" />
    <TestEntry testId="55b75fc7-34cc-640f-8d57-9d9269095468" executionId="d36d35f3-d488-4e25-ba62-f74e6b122268" testListId="8c84fa94-04c1-424b-9868-57a2d4851a1d" />
    <TestEntry testId="82571e6c-f7f1-a228-b46f-cdb445ba99ca" executionId="9aceb089-cbd7-4a64-a859-65e13e6559f1" testListId="8c84fa94-04c1-424b-9868-57a2d4851a1d" />
    <TestEntry testId="a1f50815-c075-48bd-e527-bf22fe4423ec" executionId="5704dfb1-fc48-490a-aafd-0a179c555d26" testListId="8c84fa94-04c1-424b-9868-57a2d4851a1d" />
    <TestEntry testId="65adf6e2-3d16-e3b8-3605-38b838ad75d8" executionId="3cc35e3f-c651-4bd9-83e8-d3c7963e1b34" testListId="8c84fa94-04c1-424b-9868-57a2d4851a1d" />
  </TestEntries>
  <TestLists>
    <TestList name="Results Not in a List" id="8c84fa94-04c1-424b-9868-57a2d4851a1d" />
    <TestList name="All Loaded Results" id="19431567-8539-422a-85d7-44ee4e166bda" />
  </TestLists>
  <ResultSummary outcome="Completed">
    <Counters total="162" executed="162" passed="162" failed="0" error="0" timeout="0" aborted="0" inconclusive="0" passedButRunAborted="0" notRunnable="0" notExecuted="0" disconnected="0" warning="0" completed="0" inProgress="0" pending="0" />
    <Output>
      <StdOut>NUnit Adapter 4.5.0.0: Test execution started
Running selected tests in /workspace/scratch/c6952a077cce/work/OASSystem/OAS.Tests/bin/Debug/net9.0/OAS.Tests.dll
   NUnit3TestExecutor discovered 162 of 162 NUnit test cases using Current Discovery mode, Non-Explicit run
NUnit Adapter 4.5.0.0: Test execution complete
</StdOut>
    </Output>
  </ResultSummary>
</TestRun>