<?xml version="1.0" encoding="utf-8"?>
<TestRun id="45e313a9-3c42-4856-98f4-790414e0da3b" name="@localhost 2026-09-21 20:30:48" xmlns="http://microsoft.com/schemas/VisualStudio/TeamTest/2010">
  <Times creation="2026-09-21T20:30:48.7088173+03:00" queuing="2026-09-21T20:30:48.7088173+03:00" start="2026-09-21T20:30:48.0618162+03:00" finish="2026-09-21T20:30:48.7136221+03:00" />
  <TestSettings name="default" id="fc4de8e2-2863-49eb-bb0d-7c65a063dcaf">
    <Deployment runDeploymentRoot="_localhost_2026-09-21_20_30_48" />
  </TestSettings>
  <Results>
    <UnitTestResult executionId="89dc1bad-c970-467a-9f4e-5f2165d8b268" testId="968336ef-aab3-b8b7-07cb-57b201b6e391" testName="ClientMustOnlySeeContractsAndUiLibraryFromOasLayers" computerName="localhost" duration="00:00:00.0025760" startTime="2026-09-21T20:30:48.5864822+03:00" endTime="2026-09-21T20:30:48.5890577+03:00" testType="13cdc9d9-ddb5-4fa4-a97d-d965ccfc6d4b" outcome="Passed" testListId="8c84fa94-04c1-424b-9868-57a2d4851a1d" relativeResultsDirectory="89dc1bad-c970-467a-9f4e-5f2165d8b268" />
    <UnitTestResult executionId="d9b506cf-6205-437c-ab8b-bee8ba82bc81" testId="7fd69914-ae8c-9522-4e88-88a1b20fd523" testName="ContractsMustNotReferenceBusinessOrOuterLayers" computerName="localhost" duration="00:00:00.0004330" startTime="2026-09-21T20:30:48.5890927+03:00" endTime="2026-09-21T20:30:48.5895254+03:00" testType="13cdc9d9-ddb5-4fa4-a97d-d965ccfc6d4b" outcome="Passed" testListId="8c84fa94-04c1-424b-9868-57a2d4851a1d" relativeResultsDirectory="d9b506cf-6205-437c-ab8b-bee8ba82bc81" />
    <UnitTestResult executionId="84fdd8b9-3774-46f0-9bc7-c58bd2a508a6" testId="a8a89a2b-888f-ebe4-c7c6-d6c4f1d4003f" testName="ApplicationMustNotReferenceOuterLayers" computerName="localhost" duration="00:00:00.0038900" startTime="2026-09-21T20:30:48.5825581+03:00" endTime="2026-09-21T20:30:48.5864475+03:00" testType="13cdc9d9-ddb5-4fa4-a97d-d965ccfc6d4b" outcome="Passed" testListId="8c84fa94-04c1-424b-9868-57a2d4851a1d" relativeResultsDirectory="84fdd8b9-3774-46f0-9bc7-c58bd2a508a6" />
    <UnitTestResult executionId="56c22891-9ad1-419b-a171-39fb8c1dfc87" testId="bd5e109b-ee61-5349-dd4c-ebe7635df517" testName="DomainMustNotReferenceFrameworkOrOuterLayers" computerName="localhost" duration="00:00:00.0001450" startTime="2026-09-21T20:30:48.5895572+03:00" endTime="2026-09-21T20:30:48.5897020+03:00" testType="13cdc9d9-ddb5-4fa4-a97d-d965ccfc6d4b" outcome="Passed" testListId="8c84fa94-04c1-424b-9868-57a2d4851a1d" relativeResultsDirectory="56c22891-9ad1-419b-a171-39fb8c1dfc87" />
    <UnitTestResult executionId="c58c067d-c6c9-440c-83b4-036185052390" testId="52441f8a-f991-372b-f6b3-59def73c40c8" testName="UiLibMustNotReferenceApplicationLayers" computerName="localhost" duration="00:00:00.0005999" startTime="2026-09-21T20:30:48.5901025+03:00" endTime="2026-09-21T20:30:48.5907020+03:00" testType="13cdc9d9-ddb5-4fa4-a97d-d965ccfc6d4b" outcome="Passed" testListId="8c84fa94-04c1-424b-9868-57a2d4851a1d" relativeResultsDirectory="c58c067d-c6c9-440c-83b4-036185052390" />
    <UnitTestResult executionId="4b99ec92-db1b-4a3f-9a67-df0f7f9630d1" testId="48cbc055-d84c-869a-2b6c-51d2aff25663" testName="AccountingClientContainsNoHtmlOrCss" computerName="localhost" duration="00:00:00.0076640" startTime="2026-09-21T20:30:48.5415222+03:00" endTime="2026-09-21T20:30:48.5491428+03:00" testType="13cdc9d9-ddb5-4fa4-a97d-d965ccfc6d4b" outcome="Passed" testListId="8c84fa94-04c1-424b-9868-57a2d4851a1d" relativeResultsDirectory="4b99ec92-db1b-4a3f-9a67-df0f7f9630d1" />
    <UnitTestResult executionId="02b48c4e-5801-4c55-be83-685331fa60ff" testId="59d1c035-abc8-e437-1ad1-c385a4616e3b" testName="ClientMustNotContainComponentCssFiles" computerName="localhost" duration="00:00:00.0198799" startTime="2026-09-21T20:30:48.5520734+03:00" endTime="2026-09-21T20:30:48.5719525+03:00" testType="13cdc9d9-ddb5-4fa4-a97d-d965ccfc6d4b" outcome="Failed" testListId="8c84fa94-04c1-424b-9868-57a2d4851a1d" relativeResultsDirectory="02b48c4e-5801-4c55-be83-685331fa60ff">
      <Output>
        <ErrorInfo>
          <Message>  Client page/component CSS belongs in OAS.UiLib.
  Expected: &lt;empty&gt;
  But was:  &lt; "/workspace/scratch/c6952a077cce/work/OASSystem/OAS.Client/Identity/Pages/Users.razor.css", "/workspace/scratch/c6952a077cce/work/OASSystem/OAS.Client/Identity/Pages/Roles.razor.css", "/workspace/scratch/c6952a077cce/work/OASSystem/OAS.Client/Inventory/Pages/InventoryPage.razor.css", "/workspace/scratch/c6952a077cce/work/OASSystem/OAS.Client/Inventory/Pages/StockCountsPage.razor.css", "/workspace/scratch/c6952a077cce/work/OASSystem/OAS.Client/Inventory/Pages/WarehousesPage.razor.css", "/workspace/scratch/c6952a077cce/work/OASSystem/OAS.Client/Inventory/Pages/InventoryTransactionsPage.razor.css", "/workspace/scratch/c6952a077cce/work/OASSystem/OAS.Client/Inventory/Pages/ProductsPage.razor.css", "/workspace/scratch/c6952a077cce/work/OASSystem/OAS.Client/Inventory/Pages/InventoryLedgerPage.razor.css", "/workspace/scratch/c6952a077cce/work/OASSystem/OAS.Client/Features/Employees/Pages/JobTitles.razor.css", "/workspace/scratch/c6952a077cce/work/OASSystem/OAS.Client/Identity/Users/Components/UserEditor.razor.css" &gt;
</Message>
          <StackTrace>   at OAS.Tests.Architecture.ClientUiPolicyTests.ClientMustNotContainComponentCssFiles() in /workspace/scratch/c6952a077cce/work/OASSystem/OAS.Tests/Architecture/ClientUiPolicyTests.cs:line 19

1)    at OAS.Tests.Architecture.ClientUiPolicyTests.ClientMustNotContainComponentCssFiles() in /workspace/scratch/c6952a077cce/work/OASSystem/OAS.Tests/Architecture/ClientUiPolicyTests.cs:line 19

</StackTrace>
        </ErrorInfo>
      </Output>
    </UnitTestResult>
    <UnitTestResult executionId="a6ddac18-1f89-4b81-a117-4ccead01f92a" testId="abe09aa0-a107-67f5-7b8d-f091a88dbae8" testName="InfrastructureMustNotReferencePresentationLayers" computerName="localhost" duration="00:00:00.0003490" startTime="2026-09-21T20:30:48.5897230+03:00" endTime="2026-09-21T20:30:48.5900715+03:00" testType="13cdc9d9-ddb5-4fa4-a97d-d965ccfc6d4b" outcome="Passed" testListId="8c84fa94-04c1-424b-9868-57a2d4851a1d" relativeResultsDirectory="a6ddac18-1f89-4b81-a117-4ccead01f92a" />
    <UnitTestResult executionId="6532755f-a737-41ba-9165-147a95f2b282" testId="7045ea10-696d-108c-90d6-44a68de350e7" testName="ClientRazorFilesMustNotRenderRawHtmlElements" computerName="localhost" duration="00:00:00.0103260" startTime="2026-09-21T20:30:48.5720584+03:00" endTime="2026-09-21T20:30:48.5823843+03:00" testType="13cdc9d9-ddb5-4fa4-a97d-d965ccfc6d4b" outcome="Failed" testListId="8c84fa94-04c1-424b-9868-57a2d4851a1d" relativeResultsDirectory="6532755f-a737-41ba-9165-147a95f2b282">
      <Output>
        <ErrorInfo>
          <Message>  Identity/Pages/Roles.razor: &lt;label
Identity/Pages/Roles.razor: &lt;span
Identity/Pages/Roles.razor: &lt;Header
Identity/Pages/Roles.razor: &lt;div
Identity/Pages/Roles.razor: &lt;span
Identity/Pages/Roles.razor: &lt;span
Identity/Pages/Roles.razor: &lt;span
Identity/Pages/Roles.razor: &lt;div
Identity/Pages/Roles.razor: &lt;button
Identity/Pages/Roles.razor: &lt;span
Identity/Pages/Roles.razor: &lt;div
Identity/Pages/Roles.razor: &lt;div
Identity/Pages/Users.razor: &lt;div
Identity/Pages/Users.razor: &lt;Header
Identity/Pages/Users.razor: &lt;div
Identity/Pages/Users.razor: &lt;div
Inventory/Pages/WarehousesPage.razor: &lt;Header
Inventory/Pages/WarehousesPage.razor: &lt;div
Inventory/Pages/WarehousesPage.razor: &lt;span
Inventory/Pages/WarehousesPage.razor: &lt;span
Inventory/Pages/WarehousesPage.razor: &lt;span
Inventory/Pages/WarehousesPage.razor: &lt;span
Inventory/Pages/WarehousesPage.razor: &lt;div
Inventory/Pages/WarehousesPage.razor: &lt;button
Inventory/Pages/WarehousesPage.razor: &lt;span
Inventory/Pages/WarehousesPage.razor: &lt;span
Inventory/Pages/WarehousesPage.razor: &lt;span
Inventory/Pages/WarehousesPage.razor: &lt;div
Inventory/Pages/InventoryTransactionsPage.razor: &lt;div
Inventory/Pages/InventoryTransactionsPage.razor: &lt;Header
Inventory/Pages/InventoryTransactionsPage.razor: &lt;div
Inventory/Pages/InventoryTransactionsPage.razor: &lt;span
Inventory/Pages/InventoryTransactionsPage.razor: &lt;span
Inventory/Pages/InventoryTransactionsPage.razor: &lt;span
Inventory/Pages/InventoryTransactionsPage.razor: &lt;span
Inventory/Pages/InventoryTransactionsPage.razor: &lt;span
Inventory/Pages/InventoryTransactionsPage.razor: &lt;span
Inventory/Pages/InventoryTransactionsPage.razor: &lt;div
Inventory/Pages/InventoryTransactionsPage.razor: &lt;button
Inventory/Pages/InventoryTransactionsPage.razor: &lt;span
Inventory/Pages/InventoryTransactionsPage.razor: &lt;span
Inventory/Pages/InventoryTransactionsPage.razor: &lt;span
Inventory/Pages/InventoryTransactionsPage.razor: &lt;span
Inventory/Pages/InventoryTransactionsPage.razor: &lt;span
Inventory/Pages/InventoryTransactionsPage.razor: &lt;div
Inventory/Pages/InventoryTransactionsPage.razor: &lt;div
Inventory/Pages/InventoryTransactionsPage.razor: &lt;button
Inventory/Pages/InventoryTransactionsPage.razor: &lt;div
Inventory/Pages/InventoryTransactionsPage.razor: &lt;button
Inventory/Pages/InventoryTransactionsPage.razor: &lt;div
Inventory/Pages/InventoryTransactionsPage.razor: &lt;div
Inventory/Pages/InventoryTransactionsPage.razor: &lt;span
Inventory/Pages/InventoryTransactionsPage.razor: &lt;div
Inventory/Pages/InventoryTransactionsPage.razor: &lt;span
Inventory/Pages/InventoryTransactionsPage.razor: &lt;div
Inventory/Pages/InventoryTransactionsPage.razor: &lt;span
Inventory/Pages/InventoryTransactionsPage.razor: &lt;div
Inventory/Pages/InventoryTransactionsPage.razor: &lt;span
Inventory/Pages/InventoryTransactionsPage.razor: &lt;div
Inventory/Pages/InventoryTransactionsPage.razor: &lt;span
Inventory/Pages/InventoryTransactionsPage.razor: &lt;div
Inventory/Pages/InventoryTransactionsPage.razor: &lt;span
Inventory/Pages/InventoryTransactionsPage.razor: &lt;div
Inventory/Pages/InventoryTransactionsPage.razor: &lt;span
Inventory/Pages/InventoryTransactionsPage.razor: &lt;div
Inventory/Pages/InventoryTransactionsPage.razor: &lt;div
Inventory/Pages/InventoryTransactionsPage.razor: &lt;div
Inventory/Pages/InventoryTransactionsPage.razor: &lt;span
Inventory/Pages/InventoryTransactionsPage.razor: &lt;span
Inventory/Pages/InventoryTransactionsPage.razor: &lt;span
Inventory/Pages/ProductsPage.razor: &lt;div
Inventory/Pages/ProductsPage.razor: &lt;div
Inventory/Pages/ProductsPage.razor: &lt;button
Inventory/Pages/ProductsPage.razor: &lt;span
Inventory/Pages/ProductsPage.razor: &lt;Header
Inventory/Pages/ProductsPage.razor: &lt;div
Inventory/Pages/ProductsPage.razor: &lt;div
Inventory/Pages/ProductsPage.razor: &lt;div
Inventory/Pages/ProductsPage.razor: &lt;div
Inventory/Pages/ProductsPage.razor: &lt;div
Inventory/Pages/InventoryLedgerPage.razor: &lt;div
Inventory/Pages/InventoryLedgerPage.razor: &lt;Header
Inventory/Pages/InventoryLedgerPage.razor: &lt;div
Inventory/Pages/InventoryLedgerPage.razor: &lt;span
Inventory/Pages/InventoryLedgerPage.razor: &lt;span
Inventory/Pages/InventoryLedgerPage.razor: &lt;span
Inventory/Pages/InventoryLedgerPage.razor: &lt;span
Inventory/Pages/InventoryLedgerPage.razor: &lt;span
Inventory/Pages/InventoryLedgerPage.razor: &lt;span
Inventory/Pages/InventoryLedgerPage.razor: &lt;span
Inventory/Pages/InventoryLedgerPage.razor: &lt;span
Inventory/Pages/InventoryLedgerPage.razor: &lt;span
Inventory/Pages/InventoryLedgerPage.razor: &lt;span
Inventory/Pages/InventoryLedgerPage.razor: &lt;span
Inventory/Pages/InventoryLedgerPage.razor: &lt;span
Inventory/Pages/InventoryLedgerPage.razor: &lt;span
Inventory/Pages/InventoryLedgerPage.razor: &lt;div
Inventory/Pages/InventoryLedgerPage.razor: &lt;div
Inventory/Pages/InventoryLedgerPage.razor: &lt;span
Inventory/Pages/InventoryLedgerPage.razor: &lt;span
Inventory/Pages/InventoryLedgerPage.razor: &lt;div
Inventory/Pages/InventoryLedgerPage.razor: &lt;span
Inventory/Pages/InventoryLedgerPage.razor: &lt;span
Inventory/Pages/InventoryLedgerPage.razor: &lt;span
Inventory/Pages/InventoryLedgerPage.razor: &lt;span
Inventory/Pages/InventoryLedgerPage.razor: &lt;span
Inventory/Pages/InventoryLedgerPage.razor: &lt;span
Inventory/Pages/InventoryLedgerPage.razor: &lt;span
Inventory/Pages/InventoryLedgerPage.razor: &lt;div
Inventory/Pages/InventoryLedgerPage.razor: &lt;button
Inventory/Pages/InventoryLedgerPage.razor: &lt;button
Inventory/Pages/InventoryPage.razor: &lt;div
Inventory/Pages/InventoryPage.razor: &lt;Header
Inventory/Pages/InventoryPage.razor: &lt;div
Inventory/Pages/InventoryPage.razor: &lt;span
Inventory/Pages/InventoryPage.razor: &lt;span
Inventory/Pages/InventoryPage.razor: &lt;span
Inventory/Pages/InventoryPage.razor: &lt;span
Inventory/Pages/InventoryPage.razor: &lt;span
Inventory/Pages/InventoryPage.razor: &lt;span
Inventory/Pages/InventoryPage.razor: &lt;span
Inventory/Pages/InventoryPage.razor: &lt;span
Inventory/Pages/InventoryPage.razor: &lt;span
Inventory/Pages/InventoryPage.razor: &lt;span
Inventory/Pages/InventoryPage.razor: &lt;div
Inventory/Pages/InventoryPage.razor: &lt;div
Inventory/Pages/InventoryPage.razor: &lt;div
Inventory/Pages/InventoryPage.razor: &lt;span
Inventory/Pages/InventoryPage.razor: &lt;div
Inventory/Pages/InventoryPage.razor: &lt;span
Inventory/Pages/InventoryPage.razor: &lt;span
Inventory/Pages/InventoryPage.razor: &lt;span
Inventory/Pages/InventoryPage.razor: &lt;span
Inventory/Pages/InventoryPage.razor: &lt;span
Inventory/Pages/InventoryPage.razor: &lt;span
Inventory/Pages/InventoryPage.razor: &lt;div
Inventory/Pages/InventoryPage.razor: &lt;button
Inventory/Pages/InventoryPage.razor: &lt;button
Inventory/Pages/StockCountsPage.razor: &lt;div
Inventory/Pages/StockCountsPage.razor: &lt;Header
Inventory/Pages/StockCountsPage.razor: &lt;div
Inventory/Pages/StockCountsPage.razor: &lt;span
Inventory/Pages/StockCountsPage.razor: &lt;span
Inventory/Pages/StockCountsPage.razor: &lt;span
Inventory/Pages/StockCountsPage.razor: &lt;span
Inventory/Pages/StockCountsPage.razor: &lt;span
Inventory/Pages/StockCountsPage.razor: &lt;span
Inventory/Pages/StockCountsPage.razor: &lt;div
Inventory/Pages/StockCountsPage.razor: &lt;button
Inventory/Pages/StockCountsPage.razor: &lt;span
Inventory/Pages/StockCountsPage.razor: &lt;span
Inventory/Pages/StockCountsPage.razor: &lt;span
Inventory/Pages/StockCountsPage.razor: &lt;span
Inventory/Pages/StockCountsPage.razor: &lt;span
Inventory/Pages/StockCountsPage.razor: &lt;div
Inventory/Pages/StockCountsPage.razor: &lt;div
Inventory/Pages/StockCountsPage.razor: &lt;div
Inventory/Pages/StockCountsPage.razor: &lt;span
Inventory/Pages/StockCountsPage.razor: &lt;div
Inventory/Pages/StockCountsPage.razor: &lt;span
Inventory/Pages/StockCountsPage.razor: &lt;div
Inventory/Pages/StockCountsPage.razor: &lt;span
Inventory/Pages/StockCountsPage.razor: &lt;div
Inventory/Pages/StockCountsPage.razor: &lt;span
Inventory/Pages/StockCountsPage.razor: &lt;div
Inventory/Pages/StockCountsPage.razor: &lt;span
Inventory/Pages/StockCountsPage.razor: &lt;span
Inventory/Pages/StockCountsPage.razor: &lt;span
Inventory/Pages/StockCountsPage.razor: &lt;span
Inventory/Pages/StockCountsPage.razor: &lt;span
Inventory/Pages/StockCountsPage.razor: &lt;div
Inventory/Pages/StockCountsPage.razor: &lt;span
Inventory/Pages/StockCountsPage.razor: &lt;div
Inventory/Pages/StockCountsPage.razor: &lt;div
Inventory/Pages/StockCountsPage.razor: &lt;div
Inventory/Pages/StockCountsPage.razor: &lt;span
Inventory/Pages/StockCountsPage.razor: &lt;div
Inventory/Pages/StockCountsPage.razor: &lt;span
Inventory/Pages/StockCountsPage.razor: &lt;div
Inventory/Pages/StockCountsPage.razor: &lt;button
Inventory/Pages/StockCountsPage.razor: &lt;div
Inventory/Pages/StockCountsPage.razor: &lt;span
Inventory/Pages/StockCountsPage.razor: &lt;div
Inventory/Pages/StockCountsPage.razor: &lt;span
Inventory/Pages/StockCountsPage.razor: &lt;div
Inventory/Pages/StockCountsPage.razor: &lt;span
Features/Employees/Pages/JobTitles.razor: &lt;label
Features/Employees/Pages/JobTitles.razor: &lt;span
Features/Employees/Pages/JobTitles.razor: &lt;Header
Features/Employees/Pages/JobTitles.razor: &lt;div
Features/Employees/Pages/JobTitles.razor: &lt;span
Features/Employees/Pages/JobTitles.razor: &lt;span
Features/Employees/Pages/JobTitles.razor: &lt;span
Features/Employees/Pages/JobTitles.razor: &lt;div
Features/Employees/Pages/JobTitles.razor: &lt;button
Features/Employees/Pages/JobTitles.razor: &lt;span
Features/Employees/Pages/JobTitles.razor: &lt;span
Features/Employees/Pages/JobTitles.razor: &lt;div
Features/Employees/Pages/JobTitles.razor: &lt;div
Identity/Users/Components/UserEditor.razor: &lt;div
Identity/Users/Components/UserEditor.razor: &lt;div
Identity/Users/Components/UserEditor.razor: &lt;div
  Expected: &lt;empty&gt;
  But was:  &lt; "Identity/Pages/Roles.razor: &lt;label", "Identity/Pages/Roles.razor: &lt;span", "Identity/Pages/Roles.razor: &lt;Header", "Identity/Pages/Roles.razor: &lt;div", "Identity/Pages/Roles.razor: &lt;span", "Identity/Pages/Roles.razor: &lt;span", "Identity/Pages/Roles.razor: &lt;span", "Identity/Pages/Roles.razor: &lt;div", "Identity/Pages/Roles.razor: &lt;button", "Identity/Pages/Roles.razor: &lt;span", "Identity/Pages/Roles.razor: &lt;div", "Identity/Pages/Roles.razor: &lt;div", "Identity/Pages/Users.razor: &lt;div", "Identity/Pages/Users.razor: &lt;Header", "Identity/Pages/Users.razor: &lt;div", "Identity/Pages/Users.razor: &lt;div", "Inventory/Pages/WarehousesPage.razor: &lt;Header", "Inventory/Pages/WarehousesPage.razor: &lt;div", "Inventory/Pages/WarehousesPage.razor: &lt;span", "Inventory/Pages/WarehousesPage.razor: &lt;span", "Inventory/Pages/WarehousesPage.razor: &lt;span", "Inventory/Pages/WarehousesPage.razor: &lt;span", "Inventory/Pages/WarehousesPage.razor: &lt;div", "Inventory/Pages/WarehousesPage.razor: &lt;button", "Inventory/Pages/WarehousesPage.razor: &lt;span", "Inventory/Pages/WarehousesPage.razor: &lt;span", "Inventory/Pages/WarehousesPage.razor: &lt;span", "Inventory/Pages/WarehousesPage.razor: &lt;div", "Inventory/Pages/InventoryTransactionsPage.razor: &lt;div", "Inventory/Pages/InventoryTransactionsPage.razor: &lt;Header", "Inventory/Pages/InventoryTransactionsPage.razor: &lt;div", "Inventory/Pages/InventoryTransactionsPage.razor: &lt;span", "Inventory/Pages/InventoryTransactionsPage.razor: &lt;span", "Inventory/Pages/InventoryTransactionsPage.razor: &lt;span", "Inventory/Pages/InventoryTransactionsPage.razor: &lt;span", "Inventory/Pages/InventoryTransactionsPage.razor: &lt;span", "Inventory/Pages/InventoryTransactionsPage.razor: &lt;span", "Inventory/Pages/InventoryTransactionsPage.razor: &lt;div", "Inventory/Pages/InventoryTransactionsPage.razor: &lt;button", "Inventory/Pages/InventoryTransactionsPage.razor: &lt;span", "Inventory/Pages/InventoryTransactionsPage.razor: &lt;span", "Inventory/Pages/InventoryTransactionsPage.razor: &lt;span", "Inventory/Pages/InventoryTransactionsPage.razor: &lt;span", "Inventory/Pages/InventoryTransactionsPage.razor: &lt;span", "Inventory/Pages/InventoryTransactionsPage.razor: &lt;div", "Inventory/Pages/InventoryTransactionsPage.razor: &lt;div", "Inventory/Pages/InventoryTransactionsPage.razor: &lt;button", "Inventory/Pages/InventoryTransactionsPage.razor: &lt;div", "Inventory/Pages/InventoryTransactionsPage.razor: &lt;button", "Inventory/Pages/InventoryTransactionsPage.razor: &lt;div", "Inventory/Pages/InventoryTransactionsPage.razor: &lt;div", "Inventory/Pages/InventoryTransactionsPage.razor: &lt;span", "Inventory/Pages/InventoryTransactionsPage.razor: &lt;div", "Inventory/Pages/InventoryTransactionsPage.razor: &lt;span", "Inventory/Pages/InventoryTransactionsPage.razor: &lt;div", "Inventory/Pages/InventoryTransactionsPage.razor: &lt;span", "Inventory/Pages/InventoryTransactionsPage.razor: &lt;div", "Inventory/Pages/InventoryTransactionsPage.razor: &lt;span", "Inventory/Pages/InventoryTransactionsPage.razor: &lt;div", "Inventory/Pages/InventoryTransactionsPage.razor: &lt;span", "Inventory/Pages/InventoryTransactionsPage.razor: &lt;div", "Inventory/Pages/InventoryTransactionsPage.razor: &lt;span", "Inventory/Pages/InventoryTransactionsPage.razor: &lt;div", "Inventory/Pages/InventoryTransactionsPage.razor: &lt;span", "Inventory/Pages/InventoryTransactionsPage.razor: &lt;div", "Inventory/Pages/InventoryTransactionsPage.razor: &lt;div", "Inventory/Pages/InventoryTransactionsPage.razor: &lt;div", "Inventory/Pages/InventoryTransactionsPage.razor: &lt;span", "Inventory/Pages/InventoryTransactionsPage.razor: &lt;span", "Inventory/Pages/InventoryTransactionsPage.razor: &lt;span", "Inventory/Pages/ProductsPage.razor: &lt;div", "Inventory/Pages/ProductsPage.razor: &lt;div", "Inventory/Pages/ProductsPage.razor: &lt;button", "Inventory/Pages/ProductsPage.razor: &lt;span", "Inventory/Pages/ProductsPage.razor: &lt;Header", "Inventory/Pages/ProductsPage.razor: &lt;div", "Inventory/Pages/ProductsPage.razor: &lt;div", "Inventory/Pages/ProductsPage.razor: &lt;div", "Inventory/Pages/ProductsPage.razor: &lt;div", "Inventory/Pages/ProductsPage.razor: &lt;div", "Inventory/Pages/InventoryLedgerPage.razor: &lt;div", "Inventory/Pages/InventoryLedgerPage.razor: &lt;Header", "Inventory/Pages/InventoryLedgerPage.razor: &lt;div", "Inventory/Pages/InventoryLedgerPage.razor: &lt;span", "Inventory/Pages/InventoryLedgerPage.razor: &lt;span", "Inventory/Pages/InventoryLedgerPage.razor: &lt;span", "Inventory/Pages/InventoryLedgerPage.razor: &lt;span", "Inventory/Pages/InventoryLedgerPage.razor: &lt;span", "Inventory/Pages/InventoryLedgerPage.razor: &lt;span", "Inventory/Pages/InventoryLedgerPage.razor: &lt;span", "Inventory/Pages/InventoryLedgerPage.razor: &lt;span", "Inventory/Pages/InventoryLedgerPage.razor: &lt;span", "Inventory/Pages/InventoryLedgerPage.razor: &lt;span", "Inventory/Pages/InventoryLedgerPage.razor: &lt;span", "Inventory/Pages/InventoryLedgerPage.razor: &lt;span", "Inventory/Pages/InventoryLedgerPage.razor: &lt;span", "Inventory/Pages/InventoryLedgerPage.razor: &lt;div", "Inventory/Pages/InventoryLedgerPage.razor: &lt;div", "Inventory/Pages/InventoryLedgerPage.razor: &lt;span", "Inventory/Pages/InventoryLedgerPage.razor: &lt;span", "Inventory/Pages/InventoryLedgerPage.razor: &lt;div", "Inventory/Pages/InventoryLedgerPage.razor: &lt;span", "Inventory/Pages/InventoryLedgerPage.razor: &lt;span", "Inventory/Pages/InventoryLedgerPage.razor: &lt;span", "Inventory/Pages/InventoryLedgerPage.razor: &lt;span", "Inventory/Pages/InventoryLedgerPage.razor: &lt;span", "Inventory/Pages/InventoryLedgerPage.razor: &lt;span", "Inventory/Pages/InventoryLedgerPage.razor: &lt;span", "Inventory/Pages/InventoryLedgerPage.razor: &lt;div", "Inventory/Pages/InventoryLedgerPage.razor: &lt;button", "Inventory/Pages/InventoryLedgerPage.razor: &lt;button", "Inventory/Pages/InventoryPage.razor: &lt;div", "Inventory/Pages/InventoryPage.razor: &lt;Header", "Inventory/Pages/InventoryPage.razor: &lt;div", "Inventory/Pages/InventoryPage.razor: &lt;span", "Inventory/Pages/InventoryPage.razor: &lt;span", "Inventory/Pages/InventoryPage.razor: &lt;span", "Inventory/Pages/InventoryPage.razor: &lt;span", "Inventory/Pages/InventoryPage.razor: &lt;span", "Inventory/Pages/InventoryPage.razor: &lt;span", "Inventory/Pages/InventoryPage.razor: &lt;span", "Inventory/Pages/InventoryPage.razor: &lt;span", "Inventory/Pages/InventoryPage.razor: &lt;span", "Inventory/Pages/InventoryPage.razor: &lt;span", "Inventory/Pages/InventoryPage.razor: &lt;div", "Inventory/Pages/InventoryPage.razor: &lt;div", "Inventory/Pages/InventoryPage.razor: &lt;div", "Inventory/Pages/InventoryPage.razor: &lt;span", "Inventory/Pages/InventoryPage.razor: &lt;div", "Inventory/Pages/InventoryPage.razor: &lt;span", "Inventory/Pages/InventoryPage.razor: &lt;span", "Inventory/Pages/InventoryPage.razor: &lt;span", "Inventory/Pages/InventoryPage.razor: &lt;span", "Inventory/Pages/InventoryPage.razor: &lt;span", "Inventory/Pages/InventoryPage.razor: &lt;span", "Inventory/Pages/InventoryPage.razor: &lt;div", "Inventory/Pages/InventoryPage.razor: &lt;button", "Inventory/Pages/InventoryPage.razor: &lt;button", "Inventory/Pages/StockCountsPage.razor: &lt;div", "Inventory/Pages/StockCountsPage.razor: &lt;Header", "Inventory/Pages/StockCountsPage.razor: &lt;div", "Inventory/Pages/StockCountsPage.razor: &lt;span", "Inventory/Pages/StockCountsPage.razor: &lt;span", "Inventory/Pages/StockCountsPage.razor: &lt;span", "Inventory/Pages/StockCountsPage.razor: &lt;span", "Inventory/Pages/StockCountsPage.razor: &lt;span", "Inventory/Pages/StockCountsPage.razor: &lt;span", "Inventory/Pages/StockCountsPage.razor: &lt;div", "Inventory/Pages/StockCountsPage.razor: &lt;button", "Inventory/Pages/StockCountsPage.razor: &lt;span", "Inventory/Pages/StockCountsPage.razor: &lt;span", "Inventory/Pages/StockCountsPage.razor: &lt;span", "Inventory/Pages/StockCountsPage.razor: &lt;span", "Inventory/Pages/StockCountsPage.razor: &lt;span", "Inventory/Pages/StockCountsPage.razor: &lt;div", "Inventory/Pages/StockCountsPage.razor: &lt;div", "Inventory/Pages/StockCountsPage.razor: &lt;div", "Inventory/Pages/StockCountsPage.razor: &lt;span", "Inventory/Pages/StockCountsPage.razor: &lt;div", "Inventory/Pages/StockCountsPage.razor: &lt;span", "Inventory/Pages/StockCountsPage.razor: &lt;div", "Inventory/Pages/StockCountsPage.razor: &lt;span", "Inventory/Pages/StockCountsPage.razor: &lt;div", "Inventory/Pages/StockCountsPage.razor: &lt;span", "Inventory/Pages/StockCountsPage.razor: &lt;div", "Inventory/Pages/StockCountsPage.razor: &lt;span", "Inventory/Pages/StockCountsPage.razor: &lt;span", "Inventory/Pages/StockCountsPage.razor: &lt;span", "Inventory/Pages/StockCountsPage.razor: &lt;span", "Inventory/Pages/StockCountsPage.razor: &lt;span", "Inventory/Pages/StockCountsPage.razor: &lt;div", "Inventory/Pages/StockCountsPage.razor: &lt;span", "Inventory/Pages/StockCountsPage.razor: &lt;div", "Inventory/Pages/StockCountsPage.razor: &lt;div", "Inventory/Pages/StockCountsPage.razor: &lt;div", "Inventory/Pages/StockCountsPage.razor: &lt;span", "Inventory/Pages/StockCountsPage.razor: &lt;div", "Inventory/Pages/StockCountsPage.razor: &lt;span", "Inventory/Pages/StockCountsPage.razor: &lt;div", "Inventory/Pages/StockCountsPage.razor: &lt;button", "Inventory/Pages/StockCountsPage.razor: &lt;div", "Inventory/Pages/StockCountsPage.razor: &lt;span", "Inventory/Pages/StockCountsPage.razor: &lt;div", "Inventory/Pages/StockCountsPage.razor: &lt;span", "Inventory/Pages/StockCountsPage.razor: &lt;div", "Inventory/Pages/StockCountsPage.razor: &lt;span", "Features/Employees/Pages/JobTitles.razor: &lt;label", "Features/Employees/Pages/JobTitles.razor: &lt;span", "Features/Employees/Pages/JobTitles.razor: &lt;Header", "Features/Employees/Pages/JobTitles.razor: &lt;div", "Features/Employees/Pages/JobTitles.razor: &lt;span", "Features/Employees/Pages/JobTitles.razor: &lt;span", "Features/Employees/Pages/JobTitles.razor: &lt;span", "Features/Employees/Pages/JobTitles.razor: &lt;div", "Features/Employees/Pages/JobTitles.razor: &lt;button", "Features/Employees/Pages/JobTitles.razor: &lt;span", "Features/Employees/Pages/JobTitles.razor: &lt;span", "Features/Employees/Pages/JobTitles.razor: &lt;div", "Features/Employees/Pages/JobTitles.razor: &lt;div", "Identity/Users/Components/UserEditor.razor: &lt;div", "Identity/Users/Components/UserEditor.razor: &lt;div", "Identity/Users/Components/UserEditor.razor: &lt;div" &gt;
</Message>
          <StackTrace>   at OAS.Tests.Architecture.ClientUiPolicyTests.ClientRazorFilesMustNotRenderRawHtmlElements() in /workspace/scratch/c6952a077cce/work/OASSystem/OAS.Tests/Architecture/ClientUiPolicyTests.cs:line 30

1)    at OAS.Tests.Architecture.ClientUiPolicyTests.ClientRazorFilesMustNotRenderRawHtmlElements() in /workspace/scratch/c6952a077cce/work/OASSystem/OAS.Tests/Architecture/ClientUiPolicyTests.cs:line 30

</StackTrace>
        </ErrorInfo>
      </Output>
    </UnitTestResult>
  </Results>
  <TestDefinitions>
    <UnitTest name="ClientMustNotContainComponentCssFiles" storage="/workspace/scratch/c6952a077cce/work/oassystem/oas.tests/bin/debug/net9.0/oas.tests.dll" id="59d1c035-abc8-e437-1ad1-c385a4616e3b">
      <Execution id="02b48c4e-5801-4c55-be83-685331fa60ff" />
      <TestMethod codeBase="/workspace/scratch/c6952a077cce/work/OASSystem/OAS.Tests/bin/Debug/net9.0/OAS.Tests.dll" adapterTypeName="executor://nunit3testexecutor/" className="OAS.Tests.Architecture.ClientUiPolicyTests" name="ClientMustNotContainComponentCssFiles" />
    </UnitTest>
    <UnitTest name="ApplicationMustNotReferenceOuterLayers" storage="/workspace/scratch/c6952a077cce/work/oassystem/oas.tests/bin/debug/net9.0/oas.tests.dll" id="a8a89a2b-888f-ebe4-c7c6-d6c4f1d4003f">
      <Execution id="84fdd8b9-3774-46f0-9bc7-c58bd2a508a6" />
      <TestMethod codeBase="/workspace/scratch/c6952a077cce/work/OASSystem/OAS.Tests/bin/Debug/net9.0/OAS.Tests.dll" adapterTypeName="executor://nunit3testexecutor/" className="OAS.Tests.Architecture.DependencyTests" name="ApplicationMustNotReferenceOuterLayers" />
    </UnitTest>
    <UnitTest name="InfrastructureMustNotReferencePresentationLayers" storage="/workspace/scratch/c6952a077cce/work/oassystem/oas.tests/bin/debug/net9.0/oas.tests.dll" id="abe09aa0-a107-67f5-7b8d-f091a88dbae8">
      <Execution id="a6ddac18-1f89-4b81-a117-4ccead01f92a" />
      <TestMethod codeBase="/workspace/scratch/c6952a077cce/work/OASSystem/OAS.Tests/bin/Debug/net9.0/OAS.Tests.dll" adapterTypeName="executor://nunit3testexecutor/" className="OAS.Tests.Architecture.DependencyTests" name="InfrastructureMustNotReferencePresentationLayers" />
    </UnitTest>
    <UnitTest name="ClientRazorFilesMustNotRenderRawHtmlElements" storage="/workspace/scratch/c6952a077cce/work/oassystem/oas.tests/bin/debug/net9.0/oas.tests.dll" id="7045ea10-696d-108c-90d6-44a68de350e7">
      <Execution id="6532755f-a737-41ba-9165-147a95f2b282" />
      <TestMethod codeBase="/workspace/scratch/c6952a077cce/work/OASSystem/OAS.Tests/bin/Debug/net9.0/OAS.Tests.dll" adapterTypeName="executor://nunit3testexecutor/" className="OAS.Tests.Architecture.ClientUiPolicyTests" name="ClientRazorFilesMustNotRenderRawHtmlElements" />
    </UnitTest>
    <UnitTest name="AccountingClientContainsNoHtmlOrCss" storage="/workspace/scratch/c6952a077cce/work/oassystem/oas.tests/bin/debug/net9.0/oas.tests.dll" id="48cbc055-d84c-869a-2b6c-51d2aff25663">
      <Execution id="4b99ec92-db1b-4a3f-9a67-df0f7f9630d1" />
      <TestMethod codeBase="/workspace/scratch/c6952a077cce/work/OASSystem/OAS.Tests/bin/Debug/net9.0/OAS.Tests.dll" adapterTypeName="executor://nunit3testexecutor/" className="OAS.Tests.Accounting.Client.AccountingUiPolicyTests" name="AccountingClientContainsNoHtmlOrCss" />
    </UnitTest>
    <UnitTest name="ContractsMustNotReferenceBusinessOrOuterLayers" storage="/workspace/scratch/c6952a077cce/work/oassystem/oas.tests/bin/debug/net9.0/oas.tests.dll" id="7fd69914-ae8c-9522-4e88-88a1b20fd523">
      <Execution id="d9b506cf-6205-437c-ab8b-bee8ba82bc81" />
      <TestMethod codeBase="/workspace/scratch/c6952a077cce/work/OASSystem/OAS.Tests/bin/Debug/net9.0/OAS.Tests.dll" adapterTypeName="executor://nunit3testexecutor/" className="OAS.Tests.Architecture.DependencyTests" name="ContractsMustNotReferenceBusinessOrOuterLayers" />
    </UnitTest>
    <UnitTest name="DomainMustNotReferenceFrameworkOrOuterLayers" storage="/workspace/scratch/c6952a077cce/work/oassystem/oas.tests/bin/debug/net9.0/oas.tests.dll" id="bd5e109b-ee61-5349-dd4c-ebe7635df517">
      <Execution id="56c22891-9ad1-419b-a171-39fb8c1dfc87" />
      <TestMethod codeBase="/workspace/scratch/c6952a077cce/work/OASSystem/OAS.Tests/bin/Debug/net9.0/OAS.Tests.dll" adapterTypeName="executor://nunit3testexecutor/" className="OAS.Tests.Architecture.DependencyTests" name="DomainMustNotReferenceFrameworkOrOuterLayers" />
    </UnitTest>
    <UnitTest name="ClientMustOnlySeeContractsAndUiLibraryFromOasLayers" storage="/workspace/scratch/c6952a077cce/work/oassystem/oas.tests/bin/debug/net9.0/oas.tests.dll" id="968336ef-aab3-b8b7-07cb-57b201b6e391">
      <Execution id="89dc1bad-c970-467a-9f4e-5f2165d8b268" />
      <TestMethod codeBase="/workspace/scratch/c6952a077cce/work/OASSystem/OAS.Tests/bin/Debug/net9.0/OAS.Tests.dll" adapterTypeName="executor://nunit3testexecutor/" className="OAS.Tests.Architecture.DependencyTests" name="ClientMustOnlySeeContractsAndUiLibraryFromOasLayers" />
    </UnitTest>
    <UnitTest name="UiLibMustNotReferenceApplicationLayers" storage="/workspace/scratch/c6952a077cce/work/oassystem/oas.tests/bin/debug/net9.0/oas.tests.dll" id="52441f8a-f991-372b-f6b3-59def73c40c8">
      <Execution id="c58c067d-c6c9-440c-83b4-036185052390" />
      <TestMethod codeBase="/workspace/scratch/c6952a077cce/work/OASSystem/OAS.Tests/bin/Debug/net9.0/OAS.Tests.dll" adapterTypeName="executor://nunit3testexecutor/" className="OAS.Tests.Architecture.DependencyTests" name="UiLibMustNotReferenceApplicationLayers" />
    </UnitTest>
  </TestDefinitions>
  <TestEntries>
    <TestEntry testId="968336ef-aab3-b8b7-07cb-57b201b6e391" executionId="89dc1bad-c970-467a-9f4e-5f2165d8b268" testListId="8c84fa94-04c1-424b-9868-57a2d4851a1d" />
    <TestEntry testId="7fd69914-ae8c-9522-4e88-88a1b20fd523" executionId="d9b506cf-6205-437c-ab8b-bee8ba82bc81" testListId="8c84fa94-04c1-424b-9868-57a2d4851a1d" />
    <TestEntry testId="a8a89a2b-888f-ebe4-c7c6-d6c4f1d4003f" executionId="84fdd8b9-3774-46f0-9bc7-c58bd2a508a6" testListId="8c84fa94-04c1-424b-9868-57a2d4851a1d" />
    <TestEntry testId="bd5e109b-ee61-5349-dd4c-ebe7635df517" executionId="56c22891-9ad1-419b-a171-39fb8c1dfc87" testListId="8c84fa94-04c1-424b-9868-57a2d4851a1d" />
    <TestEntry testId="52441f8a-f991-372b-f6b3-59def73c40c8" executionId="c58c067d-c6c9-440c-83b4-036185052390" testListId="8c84fa94-04c1-424b-9868-57a2d4851a1d" />
    <TestEntry testId="48cbc055-d84c-869a-2b6c-51d2aff25663" executionId="4b99ec92-db1b-4a3f-9a67-df0f7f9630d1" testListId="8c84fa94-04c1-424b-9868-57a2d4851a1d" />
    <TestEntry testId="59d1c035-abc8-e437-1ad1-c385a4616e3b" executionId="02b48c4e-5801-4c55-be83-685331fa60ff" testListId="8c84fa94-04c1-424b-9868-57a2d4851a1d" />
    <TestEntry testId="abe09aa0-a107-67f5-7b8d-f091a88dbae8" executionId="a6ddac18-1f89-4b81-a117-4ccead01f92a" testListId="8c84fa94-04c1-424b-9868-57a2d4851a1d" />
    <TestEntry testId="7045ea10-696d-108c-90d6-44a68de350e7" executionId="6532755f-a737-41ba-9165-147a95f2b282" testListId="8c84fa94-04c1-424b-9868-57a2d4851a1d" />
  </TestEntries>
  <TestLists>
    <TestList name="Results Not in a List" id="8c84fa94-04c1-424b-9868-57a2d4851a1d" />
    <TestList name="All Loaded Results" id="19431567-8539-422a-85d7-44ee4e166bda" />
  </TestLists>
  <ResultSummary outcome="Failed">
    <Counters total="9" executed="9" passed="7" failed="2" error="0" timeout="0" aborted="0" inconclusive="0" passedButRunAborted="0" notRunnable="0" notExecuted="0" disconnected="0" warning="0" completed="0" inProgress="0" pending="0" />
    <Output>
      <StdOut>NUnit Adapter 4.5.0.0: Test execution started
Running selected tests in /workspace/scratch/c6952a077cce/work/OASSystem/OAS.Tests/bin/Debug/net9.0/OAS.Tests.dll
   NUnit3TestExecutor discovered 9 of 9 NUnit test cases using Current Discovery mode, Non-Explicit run
NUnit Adapter 4.5.0.0: Test execution complete
</StdOut>
    </Output>
  </ResultSummary>
</TestRun>